  [1m[35m (481.7ms)[0m  [1m[35mCREATE DATABASE "MusicApp_development" ENCODING = 'unicode'[0m
  ↳ bin/rails:9
  [1m[35m (410.9ms)[0m  [1m[35mCREATE DATABASE "MusicApp_test" ENCODING = 'unicode'[0m
  ↳ bin/rails:9
  [1m[35m (30.4ms)[0m  [1m[35mCREATE TABLE "schema_migrations" ("version" character varying NOT NULL PRIMARY KEY)[0m
  ↳ bin/rails:9
  [1m[35m (6.4ms)[0m  [1m[35mCREATE TABLE "ar_internal_metadata" ("key" character varying NOT NULL PRIMARY KEY, "value" character varying, "created_at" timestamp NOT NULL, "updated_at" timestamp NOT NULL)[0m
  ↳ bin/rails:9
  [1m[35m (0.9ms)[0m  [1m[34mSELECT pg_try_advisory_lock(1555902080779534005)[0m
  ↳ bin/rails:9
  [1m[35m (1.0ms)[0m  [1m[34mSELECT "schema_migrations"."version" FROM "schema_migrations" ORDER BY "schema_migrations"."version" ASC[0m
  ↳ bin/rails:9
Migrating to CreateUsers (20190131175152)
  [1m[35m (0.2ms)[0m  [1m[35mBEGIN[0m
  ↳ bin/rails:9
  [1m[35m (12.9ms)[0m  [1m[35mCREATE TABLE "users" ("id" bigserial primary key, "email" character varying NOT NULL, "password_digest" character varying NOT NULL, "session_token" character varying NOT NULL, "created_at" timestamp NOT NULL, "updated_at" timestamp NOT NULL)[0m
  ↳ db/migrate/20190131175152_create_users.rb:3
  [1m[35m (2.1ms)[0m  [1m[35mCREATE UNIQUE INDEX  "index_users_on_email" ON "users"  ("email")[0m
  ↳ db/migrate/20190131175152_create_users.rb:11
  [1m[35m (1.0ms)[0m  [1m[35mCREATE UNIQUE INDEX  "index_users_on_session_token" ON "users"  ("session_token")[0m
  ↳ db/migrate/20190131175152_create_users.rb:12
  [1m[36mActiveRecord::SchemaMigration Create (2.9ms)[0m  [1m[32mINSERT INTO "schema_migrations" ("version") VALUES ($1) RETURNING "version"[0m  [["version", "20190131175152"]]
  ↳ bin/rails:9
  [1m[35m (0.7ms)[0m  [1m[35mCOMMIT[0m
  ↳ bin/rails:9
  [1m[36mActiveRecord::InternalMetadata Load (0.5ms)[0m  [1m[34mSELECT  "ar_internal_metadata".* FROM "ar_internal_metadata" WHERE "ar_internal_metadata"."key" = $1 LIMIT $2[0m  [["key", "environment"], ["LIMIT", 1]]
  ↳ bin/rails:9
  [1m[35m (0.2ms)[0m  [1m[35mBEGIN[0m
  ↳ bin/rails:9
  [1m[36mActiveRecord::InternalMetadata Create (1.0ms)[0m  [1m[32mINSERT INTO "ar_internal_metadata" ("key", "value", "created_at", "updated_at") VALUES ($1, $2, $3, $4) RETURNING "key"[0m  [["key", "environment"], ["value", "development"], ["created_at", "2019-01-31 18:06:28.525294"], ["updated_at", "2019-01-31 18:06:28.525294"]]
  ↳ bin/rails:9
  [1m[35m (0.4ms)[0m  [1m[35mCOMMIT[0m
  ↳ bin/rails:9
  [1m[35m (0.4ms)[0m  [1m[34mSELECT pg_advisory_unlock(1555902080779534005)[0m
  ↳ bin/rails:9
  [1m[35m (1.0ms)[0m  [1m[34mSELECT "schema_migrations"."version" FROM "schema_migrations" ORDER BY "schema_migrations"."version" ASC[0m
  ↳ bin/rails:9
  [1m[35m (0.2ms)[0m  [1m[34mSELECT pg_try_advisory_lock(1555902080779534005)[0m
  ↳ bin/rails:9
  [1m[35m (0.8ms)[0m  [1m[34mSELECT "schema_migrations"."version" FROM "schema_migrations" ORDER BY "schema_migrations"."version" ASC[0m
  ↳ bin/rails:9
  [1m[36mActiveRecord::InternalMetadata Load (4.1ms)[0m  [1m[34mSELECT  "ar_internal_metadata".* FROM "ar_internal_metadata" WHERE "ar_internal_metadata"."key" = $1 LIMIT $2[0m  [["key", "environment"], ["LIMIT", 1]]
  ↳ bin/rails:9
  [1m[35m (0.2ms)[0m  [1m[35mBEGIN[0m
  ↳ bin/rails:9
  [1m[35m (0.1ms)[0m  [1m[35mCOMMIT[0m
  ↳ bin/rails:9
  [1m[35m (0.3ms)[0m  [1m[34mSELECT pg_advisory_unlock(1555902080779534005)[0m
  ↳ bin/rails:9
  [1m[35m (0.3ms)[0m  [1m[34mSELECT "schema_migrations"."version" FROM "schema_migrations" ORDER BY "schema_migrations"."version" ASC[0m
  ↳ bin/rails:9
  [1m[35m (0.8ms)[0m  [1m[34mSELECT "schema_migrations"."version" FROM "schema_migrations" ORDER BY "schema_migrations"."version" ASC[0m
  ↳ /Users/darrenyong/.rbenv/versions/2.5.1/bin/annotate:23
Started GET "/" for 127.0.0.1 at 2019-01-31 10:52:10 -0800
  [1m[35m (0.9ms)[0m  [1m[34mSELECT "schema_migrations"."version" FROM "schema_migrations" ORDER BY "schema_migrations"."version" ASC[0m
  ↳ /Users/darrenyong/.rbenv/versions/2.5.1/lib/ruby/gems/2.5.0/gems/activerecord-5.2.2/lib/active_record/log_subscriber.rb:98
Processing by Rails::WelcomeController#index as HTML
  Rendering /Users/darrenyong/.rbenv/versions/2.5.1/lib/ruby/gems/2.5.0/gems/railties-5.2.2/lib/rails/templates/rails/welcome/index.html.erb
  Rendered /Users/darrenyong/.rbenv/versions/2.5.1/lib/ruby/gems/2.5.0/gems/railties-5.2.2/lib/rails/templates/rails/welcome/index.html.erb (3.7ms)
Completed 200 OK in 22ms (Views: 11.2ms | ActiveRecord: 0.0ms)


Started GET "/users/new" for 127.0.0.1 at 2019-01-31 10:52:52 -0800
  
ActionController::RoutingError (No route matches [GET] "/users/new"):
  
actionpack (5.2.2) lib/action_dispatch/middleware/debug_exceptions.rb:65:in `call'
web-console (3.7.0) lib/web_console/middleware.rb:135:in `call_app'
web-console (3.7.0) lib/web_console/middleware.rb:30:in `block in call'
web-console (3.7.0) lib/web_console/middleware.rb:20:in `catch'
web-console (3.7.0) lib/web_console/middleware.rb:20:in `call'
actionpack (5.2.2) lib/action_dispatch/middleware/show_exceptions.rb:33:in `call'
railties (5.2.2) lib/rails/rack/logger.rb:38:in `call_app'
railties (5.2.2) lib/rails/rack/logger.rb:26:in `block in call'
activesupport (5.2.2) lib/active_support/tagged_logging.rb:71:in `block in tagged'
activesupport (5.2.2) lib/active_support/tagged_logging.rb:28:in `tagged'
activesupport (5.2.2) lib/active_support/tagged_logging.rb:71:in `tagged'
railties (5.2.2) lib/rails/rack/logger.rb:26:in `call'
sprockets-rails (3.2.1) lib/sprockets/rails/quiet_assets.rb:13:in `call'
actionpack (5.2.2) lib/action_dispatch/middleware/remote_ip.rb:81:in `call'
actionpack (5.2.2) lib/action_dispatch/middleware/request_id.rb:27:in `call'
rack (2.0.6) lib/rack/method_override.rb:22:in `call'
rack (2.0.6) lib/rack/runtime.rb:22:in `call'
activesupport (5.2.2) lib/active_support/cache/strategy/local_cache_middleware.rb:29:in `call'
actionpack (5.2.2) lib/action_dispatch/middleware/executor.rb:14:in `call'
actionpack (5.2.2) lib/action_dispatch/middleware/static.rb:127:in `call'
rack (2.0.6) lib/rack/sendfile.rb:111:in `call'
railties (5.2.2) lib/rails/engine.rb:524:in `call'
puma (3.12.0) lib/puma/configuration.rb:225:in `call'
puma (3.12.0) lib/puma/server.rb:658:in `handle_request'
puma (3.12.0) lib/puma/server.rb:472:in `process_client'
puma (3.12.0) lib/puma/server.rb:332:in `block in run'
puma (3.12.0) lib/puma/thread_pool.rb:133:in `block in spawn_thread'
Started GET "/users/new" for 127.0.0.1 at 2019-01-31 10:53:37 -0800
  
ActionController::RoutingError (No route matches [GET] "/users/new"):
  
actionpack (5.2.2) lib/action_dispatch/middleware/debug_exceptions.rb:65:in `call'
web-console (3.7.0) lib/web_console/middleware.rb:135:in `call_app'
web-console (3.7.0) lib/web_console/middleware.rb:30:in `block in call'
web-console (3.7.0) lib/web_console/middleware.rb:20:in `catch'
web-console (3.7.0) lib/web_console/middleware.rb:20:in `call'
actionpack (5.2.2) lib/action_dispatch/middleware/show_exceptions.rb:33:in `call'
railties (5.2.2) lib/rails/rack/logger.rb:38:in `call_app'
railties (5.2.2) lib/rails/rack/logger.rb:26:in `block in call'
activesupport (5.2.2) lib/active_support/tagged_logging.rb:71:in `block in tagged'
activesupport (5.2.2) lib/active_support/tagged_logging.rb:28:in `tagged'
activesupport (5.2.2) lib/active_support/tagged_logging.rb:71:in `tagged'
railties (5.2.2) lib/rails/rack/logger.rb:26:in `call'
sprockets-rails (3.2.1) lib/sprockets/rails/quiet_assets.rb:13:in `call'
actionpack (5.2.2) lib/action_dispatch/middleware/remote_ip.rb:81:in `call'
actionpack (5.2.2) lib/action_dispatch/middleware/request_id.rb:27:in `call'
rack (2.0.6) lib/rack/method_override.rb:22:in `call'
rack (2.0.6) lib/rack/runtime.rb:22:in `call'
activesupport (5.2.2) lib/active_support/cache/strategy/local_cache_middleware.rb:29:in `call'
actionpack (5.2.2) lib/action_dispatch/middleware/executor.rb:14:in `call'
actionpack (5.2.2) lib/action_dispatch/middleware/static.rb:127:in `call'
rack (2.0.6) lib/rack/sendfile.rb:111:in `call'
railties (5.2.2) lib/rails/engine.rb:524:in `call'
puma (3.12.0) lib/puma/configuration.rb:225:in `call'
puma (3.12.0) lib/puma/server.rb:658:in `handle_request'
puma (3.12.0) lib/puma/server.rb:472:in `process_client'
puma (3.12.0) lib/puma/server.rb:332:in `block in run'
puma (3.12.0) lib/puma/thread_pool.rb:133:in `block in spawn_thread'
Started GET "/users/new" for 127.0.0.1 at 2019-01-31 10:58:48 -0800
  [1m[35m (1.0ms)[0m  [1m[34mSELECT "schema_migrations"."version" FROM "schema_migrations" ORDER BY "schema_migrations"."version" ASC[0m
  ↳ /Users/darrenyong/.rbenv/versions/2.5.1/lib/ruby/gems/2.5.0/gems/activerecord-5.2.2/lib/active_record/log_subscriber.rb:98
  
ActionController::RoutingError (No route matches [GET] "/users/new"):
  
actionpack (5.2.2) lib/action_dispatch/middleware/debug_exceptions.rb:65:in `call'
web-console (3.7.0) lib/web_console/middleware.rb:135:in `call_app'
web-console (3.7.0) lib/web_console/middleware.rb:30:in `block in call'
web-console (3.7.0) lib/web_console/middleware.rb:20:in `catch'
web-console (3.7.0) lib/web_console/middleware.rb:20:in `call'
actionpack (5.2.2) lib/action_dispatch/middleware/show_exceptions.rb:33:in `call'
railties (5.2.2) lib/rails/rack/logger.rb:38:in `call_app'
railties (5.2.2) lib/rails/rack/logger.rb:26:in `block in call'
activesupport (5.2.2) lib/active_support/tagged_logging.rb:71:in `block in tagged'
activesupport (5.2.2) lib/active_support/tagged_logging.rb:28:in `tagged'
activesupport (5.2.2) lib/active_support/tagged_logging.rb:71:in `tagged'
railties (5.2.2) lib/rails/rack/logger.rb:26:in `call'
sprockets-rails (3.2.1) lib/sprockets/rails/quiet_assets.rb:13:in `call'
actionpack (5.2.2) lib/action_dispatch/middleware/remote_ip.rb:81:in `call'
actionpack (5.2.2) lib/action_dispatch/middleware/request_id.rb:27:in `call'
rack (2.0.6) lib/rack/method_override.rb:22:in `call'
rack (2.0.6) lib/rack/runtime.rb:22:in `call'
activesupport (5.2.2) lib/active_support/cache/strategy/local_cache_middleware.rb:29:in `call'
actionpack (5.2.2) lib/action_dispatch/middleware/executor.rb:14:in `call'
actionpack (5.2.2) lib/action_dispatch/middleware/static.rb:127:in `call'
rack (2.0.6) lib/rack/sendfile.rb:111:in `call'
railties (5.2.2) lib/rails/engine.rb:524:in `call'
puma (3.12.0) lib/puma/configuration.rb:225:in `call'
puma (3.12.0) lib/puma/server.rb:658:in `handle_request'
puma (3.12.0) lib/puma/server.rb:472:in `process_client'
puma (3.12.0) lib/puma/server.rb:332:in `block in run'
puma (3.12.0) lib/puma/thread_pool.rb:133:in `block in spawn_thread'
Started GET "/users/new" for 127.0.0.1 at 2019-01-31 11:00:04 -0800
  [1m[35m (0.9ms)[0m  [1m[34mSELECT "schema_migrations"."version" FROM "schema_migrations" ORDER BY "schema_migrations"."version" ASC[0m
  ↳ /Users/darrenyong/.rbenv/versions/2.5.1/lib/ruby/gems/2.5.0/gems/activerecord-5.2.2/lib/active_record/log_subscriber.rb:98
  
ActionController::RoutingError (No route matches [GET] "/users/new"):
  
actionpack (5.2.2) lib/action_dispatch/middleware/debug_exceptions.rb:65:in `call'
web-console (3.7.0) lib/web_console/middleware.rb:135:in `call_app'
web-console (3.7.0) lib/web_console/middleware.rb:30:in `block in call'
web-console (3.7.0) lib/web_console/middleware.rb:20:in `catch'
web-console (3.7.0) lib/web_console/middleware.rb:20:in `call'
actionpack (5.2.2) lib/action_dispatch/middleware/show_exceptions.rb:33:in `call'
railties (5.2.2) lib/rails/rack/logger.rb:38:in `call_app'
railties (5.2.2) lib/rails/rack/logger.rb:26:in `block in call'
activesupport (5.2.2) lib/active_support/tagged_logging.rb:71:in `block in tagged'
activesupport (5.2.2) lib/active_support/tagged_logging.rb:28:in `tagged'
activesupport (5.2.2) lib/active_support/tagged_logging.rb:71:in `tagged'
railties (5.2.2) lib/rails/rack/logger.rb:26:in `call'
sprockets-rails (3.2.1) lib/sprockets/rails/quiet_assets.rb:13:in `call'
actionpack (5.2.2) lib/action_dispatch/middleware/remote_ip.rb:81:in `call'
actionpack (5.2.2) lib/action_dispatch/middleware/request_id.rb:27:in `call'
rack (2.0.6) lib/rack/method_override.rb:22:in `call'
rack (2.0.6) lib/rack/runtime.rb:22:in `call'
activesupport (5.2.2) lib/active_support/cache/strategy/local_cache_middleware.rb:29:in `call'
actionpack (5.2.2) lib/action_dispatch/middleware/executor.rb:14:in `call'
actionpack (5.2.2) lib/action_dispatch/middleware/static.rb:127:in `call'
rack (2.0.6) lib/rack/sendfile.rb:111:in `call'
railties (5.2.2) lib/rails/engine.rb:524:in `call'
puma (3.12.0) lib/puma/configuration.rb:225:in `call'
puma (3.12.0) lib/puma/server.rb:658:in `handle_request'
puma (3.12.0) lib/puma/server.rb:472:in `process_client'
puma (3.12.0) lib/puma/server.rb:332:in `block in run'
puma (3.12.0) lib/puma/thread_pool.rb:133:in `block in spawn_thread'
Started GET "/users/new" for 127.0.0.1 at 2019-01-31 11:00:05 -0800
  
ActionController::RoutingError (No route matches [GET] "/users/new"):
  
actionpack (5.2.2) lib/action_dispatch/middleware/debug_exceptions.rb:65:in `call'
web-console (3.7.0) lib/web_console/middleware.rb:135:in `call_app'
web-console (3.7.0) lib/web_console/middleware.rb:30:in `block in call'
web-console (3.7.0) lib/web_console/middleware.rb:20:in `catch'
web-console (3.7.0) lib/web_console/middleware.rb:20:in `call'
actionpack (5.2.2) lib/action_dispatch/middleware/show_exceptions.rb:33:in `call'
railties (5.2.2) lib/rails/rack/logger.rb:38:in `call_app'
railties (5.2.2) lib/rails/rack/logger.rb:26:in `block in call'
activesupport (5.2.2) lib/active_support/tagged_logging.rb:71:in `block in tagged'
activesupport (5.2.2) lib/active_support/tagged_logging.rb:28:in `tagged'
activesupport (5.2.2) lib/active_support/tagged_logging.rb:71:in `tagged'
railties (5.2.2) lib/rails/rack/logger.rb:26:in `call'
sprockets-rails (3.2.1) lib/sprockets/rails/quiet_assets.rb:13:in `call'
actionpack (5.2.2) lib/action_dispatch/middleware/remote_ip.rb:81:in `call'
actionpack (5.2.2) lib/action_dispatch/middleware/request_id.rb:27:in `call'
rack (2.0.6) lib/rack/method_override.rb:22:in `call'
rack (2.0.6) lib/rack/runtime.rb:22:in `call'
activesupport (5.2.2) lib/active_support/cache/strategy/local_cache_middleware.rb:29:in `call'
actionpack (5.2.2) lib/action_dispatch/middleware/executor.rb:14:in `call'
actionpack (5.2.2) lib/action_dispatch/middleware/static.rb:127:in `call'
rack (2.0.6) lib/rack/sendfile.rb:111:in `call'
railties (5.2.2) lib/rails/engine.rb:524:in `call'
puma (3.12.0) lib/puma/configuration.rb:225:in `call'
puma (3.12.0) lib/puma/server.rb:658:in `handle_request'
puma (3.12.0) lib/puma/server.rb:472:in `process_client'
puma (3.12.0) lib/puma/server.rb:332:in `block in run'
puma (3.12.0) lib/puma/thread_pool.rb:133:in `block in spawn_thread'
Started GET "/users/new" for 127.0.0.1 at 2019-01-31 11:00:28 -0800
  
ActionController::RoutingError (No route matches [GET] "/users/new"):
  
actionpack (5.2.2) lib/action_dispatch/middleware/debug_exceptions.rb:65:in `call'
web-console (3.7.0) lib/web_console/middleware.rb:135:in `call_app'
web-console (3.7.0) lib/web_console/middleware.rb:30:in `block in call'
web-console (3.7.0) lib/web_console/middleware.rb:20:in `catch'
web-console (3.7.0) lib/web_console/middleware.rb:20:in `call'
actionpack (5.2.2) lib/action_dispatch/middleware/show_exceptions.rb:33:in `call'
railties (5.2.2) lib/rails/rack/logger.rb:38:in `call_app'
railties (5.2.2) lib/rails/rack/logger.rb:26:in `block in call'
activesupport (5.2.2) lib/active_support/tagged_logging.rb:71:in `block in tagged'
activesupport (5.2.2) lib/active_support/tagged_logging.rb:28:in `tagged'
activesupport (5.2.2) lib/active_support/tagged_logging.rb:71:in `tagged'
railties (5.2.2) lib/rails/rack/logger.rb:26:in `call'
sprockets-rails (3.2.1) lib/sprockets/rails/quiet_assets.rb:13:in `call'
actionpack (5.2.2) lib/action_dispatch/middleware/remote_ip.rb:81:in `call'
actionpack (5.2.2) lib/action_dispatch/middleware/request_id.rb:27:in `call'
rack (2.0.6) lib/rack/method_override.rb:22:in `call'
rack (2.0.6) lib/rack/runtime.rb:22:in `call'
activesupport (5.2.2) lib/active_support/cache/strategy/local_cache_middleware.rb:29:in `call'
actionpack (5.2.2) lib/action_dispatch/middleware/executor.rb:14:in `call'
actionpack (5.2.2) lib/action_dispatch/middleware/static.rb:127:in `call'
rack (2.0.6) lib/rack/sendfile.rb:111:in `call'
railties (5.2.2) lib/rails/engine.rb:524:in `call'
puma (3.12.0) lib/puma/configuration.rb:225:in `call'
puma (3.12.0) lib/puma/server.rb:658:in `handle_request'
puma (3.12.0) lib/puma/server.rb:472:in `process_client'
puma (3.12.0) lib/puma/server.rb:332:in `block in run'
puma (3.12.0) lib/puma/thread_pool.rb:133:in `block in spawn_thread'
Started GET "/users" for 127.0.0.1 at 2019-01-31 11:00:33 -0800
  
ActionController::RoutingError (No route matches [GET] "/users"):
  
actionpack (5.2.2) lib/action_dispatch/middleware/debug_exceptions.rb:65:in `call'
web-console (3.7.0) lib/web_console/middleware.rb:135:in `call_app'
web-console (3.7.0) lib/web_console/middleware.rb:30:in `block in call'
web-console (3.7.0) lib/web_console/middleware.rb:20:in `catch'
web-console (3.7.0) lib/web_console/middleware.rb:20:in `call'
actionpack (5.2.2) lib/action_dispatch/middleware/show_exceptions.rb:33:in `call'
railties (5.2.2) lib/rails/rack/logger.rb:38:in `call_app'
railties (5.2.2) lib/rails/rack/logger.rb:26:in `block in call'
activesupport (5.2.2) lib/active_support/tagged_logging.rb:71:in `block in tagged'
activesupport (5.2.2) lib/active_support/tagged_logging.rb:28:in `tagged'
activesupport (5.2.2) lib/active_support/tagged_logging.rb:71:in `tagged'
railties (5.2.2) lib/rails/rack/logger.rb:26:in `call'
sprockets-rails (3.2.1) lib/sprockets/rails/quiet_assets.rb:13:in `call'
actionpack (5.2.2) lib/action_dispatch/middleware/remote_ip.rb:81:in `call'
actionpack (5.2.2) lib/action_dispatch/middleware/request_id.rb:27:in `call'
rack (2.0.6) lib/rack/method_override.rb:22:in `call'
rack (2.0.6) lib/rack/runtime.rb:22:in `call'
activesupport (5.2.2) lib/active_support/cache/strategy/local_cache_middleware.rb:29:in `call'
actionpack (5.2.2) lib/action_dispatch/middleware/executor.rb:14:in `call'
actionpack (5.2.2) lib/action_dispatch/middleware/static.rb:127:in `call'
rack (2.0.6) lib/rack/sendfile.rb:111:in `call'
railties (5.2.2) lib/rails/engine.rb:524:in `call'
puma (3.12.0) lib/puma/configuration.rb:225:in `call'
puma (3.12.0) lib/puma/server.rb:658:in `handle_request'
puma (3.12.0) lib/puma/server.rb:472:in `process_client'
puma (3.12.0) lib/puma/server.rb:332:in `block in run'
puma (3.12.0) lib/puma/thread_pool.rb:133:in `block in spawn_thread'
Started GET "/user/new" for 127.0.0.1 at 2019-01-31 11:00:44 -0800

NameError - uninitialized constant UserController:

Started POST "/__better_errors/d8394cecbfecc31a/variables" for 127.0.0.1 at 2019-01-31 11:00:44 -0800
Started GET "/user" for 127.0.0.1 at 2019-01-31 11:00:52 -0800
  
ActionController::RoutingError (No route matches [GET] "/user"):
  
actionpack (5.2.2) lib/action_dispatch/middleware/debug_exceptions.rb:65:in `call'
web-console (3.7.0) lib/web_console/middleware.rb:135:in `call_app'
web-console (3.7.0) lib/web_console/middleware.rb:30:in `block in call'
web-console (3.7.0) lib/web_console/middleware.rb:20:in `catch'
web-console (3.7.0) lib/web_console/middleware.rb:20:in `call'
actionpack (5.2.2) lib/action_dispatch/middleware/show_exceptions.rb:33:in `call'
railties (5.2.2) lib/rails/rack/logger.rb:38:in `call_app'
railties (5.2.2) lib/rails/rack/logger.rb:26:in `block in call'
activesupport (5.2.2) lib/active_support/tagged_logging.rb:71:in `block in tagged'
activesupport (5.2.2) lib/active_support/tagged_logging.rb:28:in `tagged'
activesupport (5.2.2) lib/active_support/tagged_logging.rb:71:in `tagged'
railties (5.2.2) lib/rails/rack/logger.rb:26:in `call'
sprockets-rails (3.2.1) lib/sprockets/rails/quiet_assets.rb:13:in `call'
actionpack (5.2.2) lib/action_dispatch/middleware/remote_ip.rb:81:in `call'
actionpack (5.2.2) lib/action_dispatch/middleware/request_id.rb:27:in `call'
rack (2.0.6) lib/rack/method_override.rb:22:in `call'
rack (2.0.6) lib/rack/runtime.rb:22:in `call'
activesupport (5.2.2) lib/active_support/cache/strategy/local_cache_middleware.rb:29:in `call'
actionpack (5.2.2) lib/action_dispatch/middleware/executor.rb:14:in `call'
actionpack (5.2.2) lib/action_dispatch/middleware/static.rb:127:in `call'
rack (2.0.6) lib/rack/sendfile.rb:111:in `call'
railties (5.2.2) lib/rails/engine.rb:524:in `call'
puma (3.12.0) lib/puma/configuration.rb:225:in `call'
puma (3.12.0) lib/puma/server.rb:658:in `handle_request'
puma (3.12.0) lib/puma/server.rb:472:in `process_client'
puma (3.12.0) lib/puma/server.rb:332:in `block in run'
puma (3.12.0) lib/puma/thread_pool.rb:133:in `block in spawn_thread'
Started GET "/user/new" for 127.0.0.1 at 2019-01-31 11:00:59 -0800

NameError - uninitialized constant UserController:

Started POST "/__better_errors/cbfcf1dce93a8695/variables" for 127.0.0.1 at 2019-01-31 11:00:59 -0800
Started GET "/user/new" for 127.0.0.1 at 2019-01-31 11:01:25 -0800
Processing by UserController#new as HTML
Completed 406 Not Acceptable in 100ms (ActiveRecord: 0.0ms)



ActionController::UnknownFormat - UserController#new is missing a template for this request format and variant.

request.formats: ["text/html"]
request.variant: []

NOTE! For XHR/Ajax or API requests, this action would normally respond with 204 No Content: an empty white screen. Since you're loading it in a web browser, we assume that you expected to actually render a template, not nothing, so we're showing an error to be extra-clear. If you expect 204 No Content, carry on. That's what you'll get from an XHR or API request. Give it a shot.:

Started POST "/__better_errors/b9a1cf78a837a1c0/variables" for 127.0.0.1 at 2019-01-31 11:01:26 -0800
Started GET "/user/new" for 127.0.0.1 at 2019-01-31 11:01:39 -0800
Processing by UserController#new as HTML
  Rendering user/new.html.erb within layouts/application
  Rendered user/new.html.erb within layouts/application (0.3ms)
Completed 200 OK in 239ms (Views: 236.1ms | ActiveRecord: 0.0ms)


Started GET "/user/new" for 127.0.0.1 at 2019-01-31 11:04:50 -0800

NameError - uninitialized constant UserController:

Started POST "/__better_errors/38959b816ef53d9b/variables" for 127.0.0.1 at 2019-01-31 11:04:50 -0800
Started GET "/user/new" for 127.0.0.1 at 2019-01-31 11:05:13 -0800
  
ActionController::RoutingError (No route matches [GET] "/user/new"):
  
actionpack (5.2.2) lib/action_dispatch/middleware/debug_exceptions.rb:65:in `call'
web-console (3.7.0) lib/web_console/middleware.rb:135:in `call_app'
web-console (3.7.0) lib/web_console/middleware.rb:30:in `block in call'
web-console (3.7.0) lib/web_console/middleware.rb:20:in `catch'
web-console (3.7.0) lib/web_console/middleware.rb:20:in `call'
actionpack (5.2.2) lib/action_dispatch/middleware/show_exceptions.rb:33:in `call'
railties (5.2.2) lib/rails/rack/logger.rb:38:in `call_app'
railties (5.2.2) lib/rails/rack/logger.rb:26:in `block in call'
activesupport (5.2.2) lib/active_support/tagged_logging.rb:71:in `block in tagged'
activesupport (5.2.2) lib/active_support/tagged_logging.rb:28:in `tagged'
activesupport (5.2.2) lib/active_support/tagged_logging.rb:71:in `tagged'
railties (5.2.2) lib/rails/rack/logger.rb:26:in `call'
sprockets-rails (3.2.1) lib/sprockets/rails/quiet_assets.rb:13:in `call'
actionpack (5.2.2) lib/action_dispatch/middleware/remote_ip.rb:81:in `call'
actionpack (5.2.2) lib/action_dispatch/middleware/request_id.rb:27:in `call'
rack (2.0.6) lib/rack/method_override.rb:22:in `call'
rack (2.0.6) lib/rack/runtime.rb:22:in `call'
activesupport (5.2.2) lib/active_support/cache/strategy/local_cache_middleware.rb:29:in `call'
actionpack (5.2.2) lib/action_dispatch/middleware/executor.rb:14:in `call'
actionpack (5.2.2) lib/action_dispatch/middleware/static.rb:127:in `call'
rack (2.0.6) lib/rack/sendfile.rb:111:in `call'
railties (5.2.2) lib/rails/engine.rb:524:in `call'
puma (3.12.0) lib/puma/configuration.rb:225:in `call'
puma (3.12.0) lib/puma/server.rb:658:in `handle_request'
puma (3.12.0) lib/puma/server.rb:472:in `process_client'
puma (3.12.0) lib/puma/server.rb:332:in `block in run'
puma (3.12.0) lib/puma/thread_pool.rb:133:in `block in spawn_thread'
Started GET "/users/new" for 127.0.0.1 at 2019-01-31 11:05:21 -0800
Processing by UsersController#new as HTML
Completed 406 Not Acceptable in 96ms (ActiveRecord: 0.0ms)



ActionController::UnknownFormat - UsersController#new is missing a template for this request format and variant.

request.formats: ["text/html"]
request.variant: []

NOTE! For XHR/Ajax or API requests, this action would normally respond with 204 No Content: an empty white screen. Since you're loading it in a web browser, we assume that you expected to actually render a template, not nothing, so we're showing an error to be extra-clear. If you expect 204 No Content, carry on. That's what you'll get from an XHR or API request. Give it a shot.:

Started POST "/__better_errors/a92d353f039f5ea5/variables" for 127.0.0.1 at 2019-01-31 11:05:21 -0800
Started POST "/__better_errors/a92d353f039f5ea5/variables" for 127.0.0.1 at 2019-01-31 11:05:29 -0800
Started GET "/users/new" for 127.0.0.1 at 2019-01-31 11:05:49 -0800
Processing by UsersController#new as HTML
  Rendering users/new.html.erb within layouts/application
  Rendered users/new.html.erb within layouts/application (0.3ms)
Completed 200 OK in 19ms (Views: 15.8ms | ActiveRecord: 0.0ms)


Started GET "/users/new" for 127.0.0.1 at 2019-01-31 11:34:44 -0800
Processing by UsersController#new as HTML
  Rendering users/new.html.erb within layouts/application
  Rendered users/new.html.erb within layouts/application (281.3ms)
Completed 500 Internal Server Error in 307ms (ActiveRecord: 8.6ms)



NameError - undefined local variable or method `user' for #<#<Class:0x00007feb3a204f40>:0x00007feb39bf34a8>
Did you mean?  @user:
  app/views/users/new.html.erb:5:in `_app_views_users_new_html_erb__2224432837338632217_70324134620060'

Started POST "/__better_errors/8c0eaee9f02cd908/variables" for 127.0.0.1 at 2019-01-31 11:34:45 -0800
Started GET "/users/new" for 127.0.0.1 at 2019-01-31 11:34:53 -0800
Processing by UsersController#new as HTML
  Rendering users/new.html.erb within layouts/application
  Rendered users/new.html.erb within layouts/application (0.4ms)
Completed 200 OK in 27ms (Views: 24.3ms | ActiveRecord: 0.0ms)


Started GET "/users/new" for 127.0.0.1 at 2019-01-31 11:35:22 -0800
Processing by UsersController#new as HTML
  Rendering users/new.html.erb within layouts/application
  Rendered users/new.html.erb within layouts/application (0.5ms)
Completed 200 OK in 20ms (Views: 17.3ms | ActiveRecord: 0.0ms)


Started GET "/users/new" for 127.0.0.1 at 2019-01-31 11:35:35 -0800
Processing by UsersController#new as HTML
  Rendering users/new.html.erb within layouts/application
  Rendered users/new.html.erb within layouts/application (0.4ms)
Completed 200 OK in 18ms (Views: 15.4ms | ActiveRecord: 0.0ms)


Started POST "/users" for 127.0.0.1 at 2019-01-31 11:35:36 -0800
Processing by UsersController#create as HTML
  Parameters: {"user"=>{"email"=>""}}
Can't verify CSRF token authenticity.
Completed 422 Unprocessable Entity in 1ms (ActiveRecord: 0.0ms)



ActionController::InvalidAuthenticityToken - ActionController::InvalidAuthenticityToken:

Started POST "/__better_errors/cf3394fcd97aa10f/variables" for 127.0.0.1 at 2019-01-31 11:35:36 -0800
Started POST "/users" for 127.0.0.1 at 2019-01-31 11:35:47 -0800
Processing by UsersController#create as HTML
  Parameters: {"user"=>{"email"=>"contact.darrenyong@gmail.com"}}
Can't verify CSRF token authenticity.
Completed 422 Unprocessable Entity in 1ms (ActiveRecord: 0.0ms)



ActionController::InvalidAuthenticityToken - ActionController::InvalidAuthenticityToken:

Started POST "/__better_errors/569190f1402acae5/variables" for 127.0.0.1 at 2019-01-31 11:35:47 -0800
Started GET "/users/new" for 127.0.0.1 at 2019-01-31 11:36:13 -0800
Processing by UsersController#new as HTML
  Rendering users/new.html.erb within layouts/application
  Rendered users/new.html.erb within layouts/application (0.4ms)
Completed 200 OK in 19ms (Views: 16.0ms | ActiveRecord: 0.0ms)


Started GET "/users/new" for 127.0.0.1 at 2019-01-31 11:36:14 -0800
Processing by UsersController#new as HTML
  Rendering users/new.html.erb within layouts/application
  Rendered users/new.html.erb within layouts/application (0.4ms)
Completed 200 OK in 23ms (Views: 20.3ms | ActiveRecord: 0.0ms)


Started GET "/users/new" for 127.0.0.1 at 2019-01-31 11:37:18 -0800
  [1m[35m (0.7ms)[0m  [1m[34mSELECT "schema_migrations"."version" FROM "schema_migrations" ORDER BY "schema_migrations"."version" ASC[0m
  ↳ /Users/darrenyong/.rbenv/versions/2.5.1/lib/ruby/gems/2.5.0/gems/activerecord-5.2.2/lib/active_record/log_subscriber.rb:98
Processing by UsersController#new as HTML
  Rendering users/new.html.erb within layouts/application
  Rendered users/new.html.erb within layouts/application (1.0ms)
Completed 200 OK in 197ms (Views: 173.3ms | ActiveRecord: 8.4ms)


Started POST "/users" for 127.0.0.1 at 2019-01-31 11:37:22 -0800
Processing by UsersController#create as HTML
  Parameters: {"user"=>{"email"=>"d@d.com"}}
Can't verify CSRF token authenticity.
Completed 422 Unprocessable Entity in 1ms (ActiveRecord: 0.0ms)



ActionController::InvalidAuthenticityToken - ActionController::InvalidAuthenticityToken:

Started POST "/__better_errors/4e4f1a6b0ef29015/variables" for 127.0.0.1 at 2019-01-31 11:37:22 -0800
Started POST "/users" for 127.0.0.1 at 2019-01-31 11:38:12 -0800
Processing by UsersController#create as HTML
  Parameters: {"user"=>{"email"=>"d@d.com"}}
Can't verify CSRF token authenticity.
Completed 422 Unprocessable Entity in 1ms (ActiveRecord: 0.0ms)



ActionController::InvalidAuthenticityToken - ActionController::InvalidAuthenticityToken:

Started POST "/__better_errors/72a8ca1ac271c7e4/variables" for 127.0.0.1 at 2019-01-31 11:38:12 -0800
Started POST "/users" for 127.0.0.1 at 2019-01-31 11:38:27 -0800
Processing by UsersController#create as HTML
  Parameters: {"user"=>{"email"=>"d@d.com"}}
Can't verify CSRF token authenticity.
Completed 422 Unprocessable Entity in 1ms (ActiveRecord: 0.0ms)



ActionController::InvalidAuthenticityToken - ActionController::InvalidAuthenticityToken:

Started POST "/__better_errors/11d14ef43c7972ee/variables" for 127.0.0.1 at 2019-01-31 11:38:27 -0800
Started GET "/users/new" for 127.0.0.1 at 2019-01-31 11:38:29 -0800
Processing by UsersController#new as HTML
  Rendering users/new.html.erb within layouts/application
  Rendered users/new.html.erb within layouts/application (0.4ms)
Completed 200 OK in 29ms (Views: 15.2ms | ActiveRecord: 5.4ms)


  [1m[35m (0.4ms)[0m  [1m[35mBEGIN[0m
  [1m[36mUser Exists (5.5ms)[0m  [1m[34mSELECT  1 AS one FROM "users" WHERE "users"."session_token" = $1 LIMIT $2[0m  [["session_token", "ghFQcZrnBC1cbhemvdo_hA"], ["LIMIT", 1]]
  [1m[35m (1.0ms)[0m  [1m[31mROLLBACK[0m
  [1m[35m (0.3ms)[0m  [1m[35mBEGIN[0m
  [1m[36mUser Exists (0.5ms)[0m  [1m[34mSELECT  1 AS one FROM "users" WHERE "users"."session_token" = $1 LIMIT $2[0m  [["session_token", "ghFQcZrnBC1cbhemvdo_hA"], ["LIMIT", 1]]
  [1m[36mUser Create (4.2ms)[0m  [1m[32mINSERT INTO "users" ("email", "password_digest", "session_token", "created_at", "updated_at") VALUES ($1, $2, $3, $4, $5) RETURNING "id"[0m  [["email", "d@d.com"], ["password_digest", "$2a$10$HLa0SwIpozzlk4k1x9Cpu.yzyK0/PXgoFB2e9zY9YlGNtjWhY6pHa"], ["session_token", "ghFQcZrnBC1cbhemvdo_hA"], ["created_at", "2019-01-31 19:39:56.381857"], ["updated_at", "2019-01-31 19:39:56.381857"]]
  [1m[35m (0.6ms)[0m  [1m[35mCOMMIT[0m
Started GET "/users/new" for 127.0.0.1 at 2019-01-31 11:40:19 -0800
  [1m[35m (0.8ms)[0m  [1m[34mSELECT "schema_migrations"."version" FROM "schema_migrations" ORDER BY "schema_migrations"."version" ASC[0m
  ↳ /Users/darrenyong/.rbenv/versions/2.5.1/lib/ruby/gems/2.5.0/gems/activerecord-5.2.2/lib/active_record/log_subscriber.rb:98
Processing by UsersController#new as HTML
  Rendering users/new.html.erb within layouts/application
  Rendered users/new.html.erb within layouts/application (0.8ms)
Completed 200 OK in 191ms (Views: 167.4ms | ActiveRecord: 7.3ms)


Started POST "/users" for 127.0.0.1 at 2019-01-31 11:40:21 -0800
Processing by UsersController#create as HTML
  Parameters: {"authenticity_token"=>"09dkqC6WTY2JtupqAayMkCbuBmNaaaeLMS92dEbkkpgI+6Wxu8wQ5PRURM80QPrmw4UsJ7YUMkPaUZrLxPqFag==", "user"=>{"email"=>""}}
No template found for UsersController#create, rendering head :no_content
Completed 204 No Content in 118ms (ActiveRecord: 0.0ms)


Started POST "/users" for 127.0.0.1 at 2019-01-31 11:40:25 -0800
Processing by UsersController#create as HTML
  Parameters: {"authenticity_token"=>"09dkqC6WTY2JtupqAayMkCbuBmNaaaeLMS92dEbkkpgI+6Wxu8wQ5PRURM80QPrmw4UsJ7YUMkPaUZrLxPqFag==", "user"=>{"email"=>"d@d.com"}}
No template found for UsersController#create, rendering head :no_content
Completed 204 No Content in 119ms (ActiveRecord: 0.0ms)


Started GET "/users/new" for 127.0.0.1 at 2019-01-31 11:45:45 -0800
Processing by UsersController#new as HTML
  Rendering users/new.html.erb within layouts/application
  Rendered users/new.html.erb within layouts/application (0.4ms)
Completed 200 OK in 30ms (Views: 16.2ms | ActiveRecord: 5.1ms)


Started GET "/users/new" for 127.0.0.1 at 2019-01-31 11:45:55 -0800
Processing by UsersController#new as HTML
  Rendering users/new.html.erb within layouts/application
  Rendered users/new.html.erb within layouts/application (0.5ms)
Completed 200 OK in 19ms (Views: 16.4ms | ActiveRecord: 0.0ms)


Started GET "/users/new" for 127.0.0.1 at 2019-01-31 11:48:20 -0800
Processing by UsersController#new as HTML
  Rendering users/new.html.erb within layouts/application
  Rendered users/new.html.erb within layouts/application (0.5ms)
Completed 200 OK in 24ms (Views: 21.0ms | ActiveRecord: 0.0ms)


Started GET "/users/new" for 127.0.0.1 at 2019-01-31 11:48:21 -0800
Processing by UsersController#new as HTML
  Rendering users/new.html.erb within layouts/application
  Rendered users/new.html.erb within layouts/application (0.5ms)
Completed 200 OK in 26ms (Views: 23.2ms | ActiveRecord: 0.0ms)


Started POST "/users" for 127.0.0.1 at 2019-01-31 11:48:25 -0800
Processing by UsersController#create as HTML
  Parameters: {"authenticity_token"=>"EC8L52HXjzhGpIo+P7CJZG39UrGgLkG26p8bco1QESTLA8r+9I3SUTtGJJsKXP8SiJZ49UxT1H4B4ffND04G1g==", "user"=>{"email"=>"d@d.com", "password"=>"[FILTERED]"}}
Completed 500 Internal Server Error in 1ms (ActiveRecord: 0.0ms)



ArgumentError - wrong number of arguments (given 0, expected 1):
  app/controllers/users_controller.rb:15:in `user_params'
  app/controllers/users_controller.rb:8:in `create'

Started POST "/__better_errors/ad0b7498217452ba/variables" for 127.0.0.1 at 2019-01-31 11:48:25 -0800
Started GET "/users/new" for 127.0.0.1 at 2019-01-31 11:48:49 -0800

SyntaxError - syntax error, unexpected keyword_end, expecting ')'
  end
  ^~~:
  app/controllers/users_controller.rb:16:in `'

Started POST "/__better_errors/0e3009c60d1c9d2c/variables" for 127.0.0.1 at 2019-01-31 11:48:49 -0800
Started GET "/users/new" for 127.0.0.1 at 2019-01-31 11:49:02 -0800
Processing by UsersController#new as HTML
  Rendering users/new.html.erb within layouts/application
  Rendered users/new.html.erb within layouts/application (0.5ms)
Completed 200 OK in 28ms (Views: 15.2ms | ActiveRecord: 5.5ms)


Started POST "/users" for 127.0.0.1 at 2019-01-31 11:49:05 -0800
Processing by UsersController#create as HTML
  Parameters: {"authenticity_token"=>"TFqAiZJ63ht/9DOhv991UziAIHx9Uo4+lWfcLbUexsuXdkGQByCDcgIWnQSKMwMl3esKOJEvG/Z+GTCSNwDROQ==", "user"=>{"email"=>"d@d.com", "password"=>"[FILTERED]"}}
  [1m[35m (0.2ms)[0m  [1m[35mBEGIN[0m
  ↳ app/controllers/users_controller.rb:9
  [1m[36mUser Exists (0.9ms)[0m  [1m[34mSELECT  1 AS one FROM "users" WHERE "users"."session_token" = $1 LIMIT $2[0m  [["session_token", "fjxJXaO-Pqmdx0IwDEak-g"], ["LIMIT", 1]]
  ↳ app/controllers/users_controller.rb:9
  [1m[36mUser Create (3.4ms)[0m  [1m[32mINSERT INTO "users" ("email", "password_digest", "session_token", "created_at", "updated_at") VALUES ($1, $2, $3, $4, $5) RETURNING "id"[0m  [["email", "d@d.com"], ["password_digest", "$2a$10$olgbApRH0TW1S4JzVkoo8uFv6rZLuDf8Ih8yJ3rtqat5NyXyl5jB6"], ["session_token", "fjxJXaO-Pqmdx0IwDEak-g"], ["created_at", "2019-01-31 19:49:05.900866"], ["updated_at", "2019-01-31 19:49:05.900866"]]
  ↳ app/controllers/users_controller.rb:9
  [1m[35m (0.2ms)[0m  [1m[31mROLLBACK[0m
  ↳ app/controllers/users_controller.rb:9
Completed 500 Internal Server Error in 66ms (ActiveRecord: 4.7ms)



PG::UniqueViolation - ERROR:  duplicate key value violates unique constraint "index_users_on_email"
DETAIL:  Key (email)=(d@d.com) already exists.
:
  app/controllers/users_controller.rb:9:in `create'

Started POST "/__better_errors/406cc0a6b15a0651/variables" for 127.0.0.1 at 2019-01-31 11:49:05 -0800
Started POST "/users" for 127.0.0.1 at 2019-01-31 11:49:16 -0800
Processing by UsersController#create as HTML
  Parameters: {"authenticity_token"=>"TFqAiZJ63ht/9DOhv991UziAIHx9Uo4+lWfcLbUexsuXdkGQByCDcgIWnQSKMwMl3esKOJEvG/Z+GTCSNwDROQ==", "user"=>{"email"=>"da@d.com", "password"=>"[FILTERED]"}}
  [1m[35m (0.2ms)[0m  [1m[35mBEGIN[0m
  ↳ app/controllers/users_controller.rb:9
  [1m[36mUser Exists (0.4ms)[0m  [1m[34mSELECT  1 AS one FROM "users" WHERE "users"."session_token" = $1 LIMIT $2[0m  [["session_token", "xZvLIId-4wbkcGkmS50QUA"], ["LIMIT", 1]]
  ↳ app/controllers/users_controller.rb:9
  [1m[36mUser Create (0.4ms)[0m  [1m[32mINSERT INTO "users" ("email", "password_digest", "session_token", "created_at", "updated_at") VALUES ($1, $2, $3, $4, $5) RETURNING "id"[0m  [["email", "da@d.com"], ["password_digest", "$2a$10$95ofHMtsRYj4EVmvibibBO7OcfMmkmuwGX2uY2NfV3uRFwcP3kqne"], ["session_token", "xZvLIId-4wbkcGkmS50QUA"], ["created_at", "2019-01-31 19:49:16.089445"], ["updated_at", "2019-01-31 19:49:16.089445"]]
  ↳ app/controllers/users_controller.rb:9
  [1m[35m (0.7ms)[0m  [1m[35mCOMMIT[0m
  ↳ app/controllers/users_controller.rb:9
No template found for UsersController#create, rendering head :no_content
Completed 204 No Content in 175ms (ActiveRecord: 1.7ms)


Started POST "/users" for 127.0.0.1 at 2019-01-31 11:49:18 -0800
Processing by UsersController#create as HTML
  Parameters: {"authenticity_token"=>"TFqAiZJ63ht/9DOhv991UziAIHx9Uo4+lWfcLbUexsuXdkGQByCDcgIWnQSKMwMl3esKOJEvG/Z+GTCSNwDROQ==", "user"=>{"email"=>"da@d.com", "password"=>"[FILTERED]"}}
  [1m[35m (0.2ms)[0m  [1m[35mBEGIN[0m
  ↳ app/controllers/users_controller.rb:9
  [1m[36mUser Exists (0.4ms)[0m  [1m[34mSELECT  1 AS one FROM "users" WHERE "users"."session_token" = $1 LIMIT $2[0m  [["session_token", "cWTRmci26PYW7iKyMOwkDw"], ["LIMIT", 1]]
  ↳ app/controllers/users_controller.rb:9
  [1m[36mUser Create (1.1ms)[0m  [1m[32mINSERT INTO "users" ("email", "password_digest", "session_token", "created_at", "updated_at") VALUES ($1, $2, $3, $4, $5) RETURNING "id"[0m  [["email", "da@d.com"], ["password_digest", "$2a$10$y7ttjaej5pLt80gv0eCyl.UjE2qwKFgtwtjMAC3pfsQXw7NGilWmK"], ["session_token", "cWTRmci26PYW7iKyMOwkDw"], ["created_at", "2019-01-31 19:49:18.753183"], ["updated_at", "2019-01-31 19:49:18.753183"]]
  ↳ app/controllers/users_controller.rb:9
  [1m[35m (0.2ms)[0m  [1m[31mROLLBACK[0m
  ↳ app/controllers/users_controller.rb:9
Completed 500 Internal Server Error in 63ms (ActiveRecord: 1.9ms)



PG::UniqueViolation - ERROR:  duplicate key value violates unique constraint "index_users_on_email"
DETAIL:  Key (email)=(da@d.com) already exists.
:
  app/controllers/users_controller.rb:9:in `create'

Started POST "/__better_errors/7ee6858b0a8ce464/variables" for 127.0.0.1 at 2019-01-31 11:49:18 -0800
  [1m[36mUser Load (0.6ms)[0m  [1m[34mSELECT "users".* FROM "users"[0m
Started GET "/users/new" for 127.0.0.1 at 2019-01-31 12:02:11 -0800
Processing by UsersController#new as HTML
  Rendering users/new.html.erb within layouts/application
  Rendered users/new.html.erb within layouts/application (0.4ms)
Completed 200 OK in 33ms (Views: 17.8ms | ActiveRecord: 7.9ms)


Started GET "/users/new" for 127.0.0.1 at 2019-01-31 12:02:12 -0800
Processing by UsersController#new as HTML
  Rendering users/new.html.erb within layouts/application
  Rendered users/new.html.erb within layouts/application (0.5ms)
Completed 200 OK in 25ms (Views: 22.5ms | ActiveRecord: 0.0ms)


Started GET "/sessions/new" for 127.0.0.1 at 2019-01-31 12:13:17 -0800
  
ActionController::RoutingError (No route matches [GET] "/sessions/new"):
  
actionpack (5.2.2) lib/action_dispatch/middleware/debug_exceptions.rb:65:in `call'
web-console (3.7.0) lib/web_console/middleware.rb:135:in `call_app'
web-console (3.7.0) lib/web_console/middleware.rb:30:in `block in call'
web-console (3.7.0) lib/web_console/middleware.rb:20:in `catch'
web-console (3.7.0) lib/web_console/middleware.rb:20:in `call'
actionpack (5.2.2) lib/action_dispatch/middleware/show_exceptions.rb:33:in `call'
railties (5.2.2) lib/rails/rack/logger.rb:38:in `call_app'
railties (5.2.2) lib/rails/rack/logger.rb:26:in `block in call'
activesupport (5.2.2) lib/active_support/tagged_logging.rb:71:in `block in tagged'
activesupport (5.2.2) lib/active_support/tagged_logging.rb:28:in `tagged'
activesupport (5.2.2) lib/active_support/tagged_logging.rb:71:in `tagged'
railties (5.2.2) lib/rails/rack/logger.rb:26:in `call'
sprockets-rails (3.2.1) lib/sprockets/rails/quiet_assets.rb:13:in `call'
actionpack (5.2.2) lib/action_dispatch/middleware/remote_ip.rb:81:in `call'
actionpack (5.2.2) lib/action_dispatch/middleware/request_id.rb:27:in `call'
rack (2.0.6) lib/rack/method_override.rb:22:in `call'
rack (2.0.6) lib/rack/runtime.rb:22:in `call'
activesupport (5.2.2) lib/active_support/cache/strategy/local_cache_middleware.rb:29:in `call'
actionpack (5.2.2) lib/action_dispatch/middleware/executor.rb:14:in `call'
actionpack (5.2.2) lib/action_dispatch/middleware/static.rb:127:in `call'
rack (2.0.6) lib/rack/sendfile.rb:111:in `call'
railties (5.2.2) lib/rails/engine.rb:524:in `call'
puma (3.12.0) lib/puma/configuration.rb:225:in `call'
puma (3.12.0) lib/puma/server.rb:658:in `handle_request'
puma (3.12.0) lib/puma/server.rb:472:in `process_client'
puma (3.12.0) lib/puma/server.rb:332:in `block in run'
puma (3.12.0) lib/puma/thread_pool.rb:133:in `block in spawn_thread'
Started GET "/session/new" for 127.0.0.1 at 2019-01-31 12:13:32 -0800
Processing by SessionsController#new as HTML
  Rendering sessions/new.html.erb within layouts/application
  Rendered sessions/new.html.erb within layouts/application (3.8ms)
Completed 500 Internal Server Error in 12ms (ActiveRecord: 0.0ms)



NoMethodError - undefined method `email' for nil:NilClass:
  app/views/sessions/new.html.erb:6:in `_app_views_sessions_new_html_erb__490645622139370590_70263086076940'

Started POST "/__better_errors/0b731fe0e82ca6a9/variables" for 127.0.0.1 at 2019-01-31 12:13:32 -0800
Started GET "/session/new" for 127.0.0.1 at 2019-01-31 12:14:11 -0800
Processing by SessionsController#new as HTML
  Rendering sessions/new.html.erb within layouts/application
  Rendered sessions/new.html.erb within layouts/application (0.4ms)
Completed 200 OK in 19ms (Views: 16.3ms | ActiveRecord: 0.0ms)


Started POST "/session" for 127.0.0.1 at 2019-01-31 12:14:18 -0800
Processing by SessionsController#create as HTML
  Parameters: {"authenticity_token"=>"RqOf8zjEUmXVJovTizZMn+zS1yVOotwtUBr1p+aVE9Sdj17qrZ4PDKjEJXa+2jrpCbn9YaLfSeW7ZBkYZIsEJg==", "user"=>{"email"=>"", "password"=>"[FILTERED]"}}
No template found for SessionsController#create, rendering head :no_content
Completed 204 No Content in 118ms (ActiveRecord: 0.0ms)


Started GET "/session/new" for 127.0.0.1 at 2019-01-31 13:55:03 -0800

SyntaxError - syntax error, unexpected ':', expecting keyword_end
... helper_method :require_login :loggedin?
...                              ^:
  app/controllers/application_controller.rb:2:in `'
  app/controllers/sessions_controller.rb:1:in `<main>'

Started POST "/__better_errors/8899ac4fd5518d86/variables" for 127.0.0.1 at 2019-01-31 13:55:04 -0800
Started GET "/session/new" for 127.0.0.1 at 2019-01-31 13:55:11 -0800
Processing by SessionsController#new as HTML
  Rendering sessions/new.html.erb within layouts/application
  Rendered sessions/new.html.erb within layouts/application (0.4ms)
Completed 200 OK in 23ms (Views: 20.3ms | ActiveRecord: 0.0ms)


Started POST "/session" for 127.0.0.1 at 2019-01-31 14:02:19 -0800
Processing by SessionsController#create as HTML
  Parameters: {"authenticity_token"=>"2MLX27Tsav3c5qhOCl51qW7u/sTLrPnUmZnOD+39Ht0D7hbCIbY3lKEEBus/sgPfi4XUgCfRbBxy5yKwb+MJLw==", "user"=>{"email"=>"darren", "password"=>"[FILTERED]"}}
  [1m[36mUser Load (0.8ms)[0m  [1m[34mSELECT  "users".* FROM "users" WHERE "users"."email" = $1 LIMIT $2[0m  [["email", "darren"], ["LIMIT", 1]]
  ↳ app/models/user.rb:22
Redirected to http://localhost:3000/session/new
Completed 302 Found in 11ms (ActiveRecord: 5.2ms)


Started GET "/session/new" for 127.0.0.1 at 2019-01-31 14:02:19 -0800
Processing by SessionsController#new as HTML
  Rendering sessions/new.html.erb within layouts/application
  Rendered sessions/new.html.erb within layouts/application (0.4ms)
Completed 200 OK in 16ms (Views: 14.3ms | ActiveRecord: 0.0ms)


  [1m[36mUser Load (0.6ms)[0m  [1m[34mSELECT "users".* FROM "users"[0m
Started GET "/session/new" for 127.0.0.1 at 2019-01-31 14:02:52 -0800
  [1m[35m (0.9ms)[0m  [1m[34mSELECT "schema_migrations"."version" FROM "schema_migrations" ORDER BY "schema_migrations"."version" ASC[0m
  ↳ /Users/darrenyong/.rbenv/versions/2.5.1/lib/ruby/gems/2.5.0/gems/activerecord-5.2.2/lib/active_record/log_subscriber.rb:98
Processing by SessionsController#new as HTML
  Rendering sessions/new.html.erb within layouts/application
  Rendered sessions/new.html.erb within layouts/application (1.2ms)
Completed 200 OK in 185ms (Views: 176.6ms | ActiveRecord: 0.0ms)


Started GET "/users/new" for 127.0.0.1 at 2019-01-31 14:02:55 -0800
Processing by UsersController#new as HTML
  Rendering users/new.html.erb within layouts/application
  Rendered users/new.html.erb within layouts/application (0.4ms)
Completed 200 OK in 32ms (Views: 16.5ms | ActiveRecord: 6.5ms)


Started POST "/users" for 127.0.0.1 at 2019-01-31 14:03:14 -0800
Processing by UsersController#create as HTML
  Parameters: {"authenticity_token"=>"tHSKkUZarwNZ9WcnYtXI+Oqx8xsY6Zxj2f3swo+KOIpvWEuI0wDyaiQXyYJXOb6OD9rZX/SUCasygwB9DZQveA==", "user"=>{"email"=>"darren", "password"=>"[FILTERED]"}}
  [1m[35m (0.3ms)[0m  [1m[35mBEGIN[0m
  ↳ app/controllers/users_controller.rb:9
  [1m[36mUser Exists (0.8ms)[0m  [1m[34mSELECT  1 AS one FROM "users" WHERE "users"."session_token" = $1 LIMIT $2[0m  [["session_token", "DbxtgR10B0rg2sIa-dJe1g"], ["LIMIT", 1]]
  ↳ app/controllers/users_controller.rb:9
  [1m[36mUser Create (0.4ms)[0m  [1m[32mINSERT INTO "users" ("email", "password_digest", "session_token", "created_at", "updated_at") VALUES ($1, $2, $3, $4, $5) RETURNING "id"[0m  [["email", "darren"], ["password_digest", "$2a$10$TDlf9FnAYwXuiFmUYc/wa.6YISLtE8sBcCw/eM72yl72dpUwW2kyu"], ["session_token", "DbxtgR10B0rg2sIa-dJe1g"], ["created_at", "2019-01-31 22:03:14.878287"], ["updated_at", "2019-01-31 22:03:14.878287"]]
  ↳ app/controllers/users_controller.rb:9
  [1m[35m (1.5ms)[0m  [1m[35mCOMMIT[0m
  ↳ app/controllers/users_controller.rb:9
Completed 200 OK in 65ms (Views: 0.6ms | ActiveRecord: 3.0ms)


Started GET "/session/new" for 127.0.0.1 at 2019-01-31 14:03:23 -0800
Processing by SessionsController#new as HTML
  Rendering sessions/new.html.erb within layouts/application
  Rendered sessions/new.html.erb within layouts/application (0.4ms)
Completed 200 OK in 18ms (Views: 14.8ms | ActiveRecord: 0.0ms)


Started POST "/session" for 127.0.0.1 at 2019-01-31 14:03:28 -0800
Processing by SessionsController#create as HTML
  Parameters: {"authenticity_token"=>"7IS49psIbOs6fQqsNfNrd8XVcQOl2KcPQYWqs/5qRRM3qHnvDlIxgkefpAkAHx0BIL5bR0mlMseq+0YMfHRS4Q==", "user"=>{"email"=>"darren", "password"=>"[FILTERED]"}}
  [1m[36mUser Load (0.5ms)[0m  [1m[34mSELECT  "users".* FROM "users" WHERE "users"."email" = $1 LIMIT $2[0m  [["email", "darren"], ["LIMIT", 1]]
  ↳ app/models/user.rb:22
Completed 500 Internal Server Error in 5ms (ActiveRecord: 0.7ms)



ArgumentError - wrong number of arguments (given 0, expected 1):
  app/models/user.rb:43:in `is_password?'
  app/models/user.rb:23:in `find_by_credentials'
  app/controllers/sessions_controller.rb:7:in `create'

Started POST "/__better_errors/d1cdabc144d1d906/variables" for 127.0.0.1 at 2019-01-31 14:03:28 -0800
Started POST "/session" for 127.0.0.1 at 2019-01-31 14:04:07 -0800
Processing by SessionsController#create as HTML
  Parameters: {"authenticity_token"=>"7IS49psIbOs6fQqsNfNrd8XVcQOl2KcPQYWqs/5qRRM3qHnvDlIxgkefpAkAHx0BIL5bR0mlMseq+0YMfHRS4Q==", "user"=>{"email"=>"darren", "password"=>"[FILTERED]"}}
  [1m[36mUser Load (0.3ms)[0m  [1m[34mSELECT  "users".* FROM "users" WHERE "users"."email" = $1 LIMIT $2[0m  [["email", "darren"], ["LIMIT", 1]]
  ↳ app/models/user.rb:22
Completed 500 Internal Server Error in 81ms (ActiveRecord: 5.1ms)



NoMethodError - undefined method `reset_session_token!' for #<User:0x00007fbcc5b941d0>
Did you mean?  reset_session_token
               restore_session_token!:
  app/controllers/application_controller.rb:6:in `login!'
  app/controllers/sessions_controller.rb:9:in `create'

Started POST "/__better_errors/025742e841d46a69/variables" for 127.0.0.1 at 2019-01-31 14:04:07 -0800
Started GET "/session/new" for 127.0.0.1 at 2019-01-31 14:04:10 -0800
Processing by SessionsController#new as HTML
  Rendering sessions/new.html.erb within layouts/application
  Rendered sessions/new.html.erb within layouts/application (0.4ms)
Completed 200 OK in 17ms (Views: 14.9ms | ActiveRecord: 0.0ms)


Started POST "/session" for 127.0.0.1 at 2019-01-31 14:04:13 -0800
Processing by SessionsController#create as HTML
  Parameters: {"authenticity_token"=>"v0bNE5btuRse2bGBZ5ooBatSKw51uS4H+xwksf1Z7I9kagwKA7fkcmM7HyRSdl5zTjkBSpnEu88QYsgOf0f7fQ==", "user"=>{"email"=>"darren", "password"=>"[FILTERED]"}}
  [1m[36mUser Load (0.6ms)[0m  [1m[34mSELECT  "users".* FROM "users" WHERE "users"."email" = $1 LIMIT $2[0m  [["email", "darren"], ["LIMIT", 1]]
  ↳ app/models/user.rb:22
Completed 500 Internal Server Error in 71ms (ActiveRecord: 0.6ms)



NoMethodError - undefined method `reset_session_token!' for #<User:0x00007fbcc2e3f450>
Did you mean?  reset_session_token
               restore_session_token!:
  app/controllers/application_controller.rb:6:in `login!'
  app/controllers/sessions_controller.rb:9:in `create'

Started POST "/__better_errors/22a7da8d0af63b47/variables" for 127.0.0.1 at 2019-01-31 14:04:13 -0800
Started POST "/session" for 127.0.0.1 at 2019-01-31 14:04:32 -0800
Processing by SessionsController#create as HTML
  Parameters: {"authenticity_token"=>"v0bNE5btuRse2bGBZ5ooBatSKw51uS4H+xwksf1Z7I9kagwKA7fkcmM7HyRSdl5zTjkBSpnEu88QYsgOf0f7fQ==", "user"=>{"email"=>"darren", "password"=>"[FILTERED]"}}
  [1m[36mUser Load (0.4ms)[0m  [1m[34mSELECT  "users".* FROM "users" WHERE "users"."email" = $1 LIMIT $2[0m  [["email", "darren"], ["LIMIT", 1]]
  ↳ app/models/user.rb:22
  [1m[35m (0.2ms)[0m  [1m[35mBEGIN[0m
  ↳ app/models/user.rb:33
  [1m[36mUser Exists (0.7ms)[0m  [1m[34mSELECT  1 AS one FROM "users" WHERE "users"."session_token" = $1 AND "users"."id" != $2 LIMIT $3[0m  [["session_token", "Q-cu_ug86p7GWqcw_SJ_bQ"], ["id", 5], ["LIMIT", 1]]
  ↳ app/models/user.rb:33
  [1m[36mUser Update (2.1ms)[0m  [1m[33mUPDATE "users" SET "session_token" = $1, "updated_at" = $2 WHERE "users"."id" = $3[0m  [["session_token", "Q-cu_ug86p7GWqcw_SJ_bQ"], ["updated_at", "2019-01-31 22:04:32.621606"], ["id", 5]]
  ↳ app/models/user.rb:33
  [1m[35m (0.3ms)[0m  [1m[35mCOMMIT[0m
  ↳ app/models/user.rb:33
Completed 200 OK in 75ms (Views: 0.3ms | ActiveRecord: 9.1ms)


Started GET "/session/new" for 127.0.0.1 at 2019-01-31 14:04:44 -0800
Processing by SessionsController#new as HTML
  Rendering sessions/new.html.erb within layouts/application
  Rendered sessions/new.html.erb within layouts/application (0.4ms)
Completed 200 OK in 20ms (Views: 17.1ms | ActiveRecord: 0.0ms)


Started POST "/session" for 127.0.0.1 at 2019-01-31 14:04:47 -0800
Processing by SessionsController#create as HTML
  Parameters: {"authenticity_token"=>"uO5reKe43jtDVz8lGUeKFGEo6LYCNwiaEQLa9qSzv3RjwqphMuKDUj61kYAsq/xihEPC8u5KnVL6fDZJJq2ohg==", "user"=>{"email"=>"ha", "password"=>"[FILTERED]"}}
  [1m[36mUser Load (0.3ms)[0m  [1m[34mSELECT  "users".* FROM "users" WHERE "users"."email" = $1 LIMIT $2[0m  [["email", "ha"], ["LIMIT", 1]]
  ↳ app/models/user.rb:22
Redirected to http://localhost:3000/session/new
Completed 302 Found in 7ms (ActiveRecord: 2.0ms)


Started GET "/session/new" for 127.0.0.1 at 2019-01-31 14:04:47 -0800
Processing by SessionsController#new as HTML
  Rendering sessions/new.html.erb within layouts/application
  Rendered sessions/new.html.erb within layouts/application (0.6ms)
Completed 200 OK in 25ms (Views: 22.4ms | ActiveRecord: 0.0ms)


Started GET "/session/new" for 127.0.0.1 at 2019-01-31 14:06:14 -0800
Processing by SessionsController#new as HTML
  Rendering sessions/new.html.erb within layouts/application
  Rendered sessions/new.html.erb within layouts/application (0.8ms)
Completed 200 OK in 52ms (Views: 49.7ms | ActiveRecord: 0.0ms)


Started POST "/session" for 127.0.0.1 at 2019-01-31 14:06:17 -0800
Processing by SessionsController#create as HTML
  Parameters: {"authenticity_token"=>"Evug7hIi2tKKejgcwijGDo4h6RWS15JJsKSXJ6xBsh7J12H3h3iHu/eYlrn3xLB4a0rDUX6qB4Fb2nuYLl+l7A==", "user"=>{"email"=>"ha", "password"=>"[FILTERED]"}}
  [1m[36mUser Load (0.3ms)[0m  [1m[34mSELECT  "users".* FROM "users" WHERE "users"."email" = $1 LIMIT $2[0m  [["email", "ha"], ["LIMIT", 1]]
  ↳ app/models/user.rb:22
Redirected to http://localhost:3000/session/new
Completed 302 Found in 7ms (ActiveRecord: 2.7ms)


Started GET "/session/new" for 127.0.0.1 at 2019-01-31 14:06:17 -0800
Processing by SessionsController#new as HTML
  Rendering sessions/new.html.erb within layouts/application
  Rendered sessions/new.html.erb within layouts/application (0.6ms)
Completed 200 OK in 16ms (Views: 13.7ms | ActiveRecord: 0.0ms)


Started GET "/session/new" for 127.0.0.1 at 2019-01-31 14:06:31 -0800
Processing by SessionsController#new as HTML
  Rendering sessions/new.html.erb within layouts/application
  Rendered sessions/new.html.erb within layouts/application (0.5ms)
Completed 200 OK in 18ms (Views: 15.0ms | ActiveRecord: 0.0ms)


Started POST "/session" for 127.0.0.1 at 2019-01-31 14:06:33 -0800
Processing by SessionsController#create as HTML
  Parameters: {"authenticity_token"=>"5FGqcXSjcLrDB6FRtLD00Rt94CdqLDaXFqLJ+ItXkuY/fWto4fkt077lD/SBXIKn/hbKY4ZRo1/93CVHCUmFFA==", "user"=>{"email"=>"ha", "password"=>"[FILTERED]"}}
  [1m[36mUser Load (0.4ms)[0m  [1m[34mSELECT  "users".* FROM "users" WHERE "users"."email" = $1 LIMIT $2[0m  [["email", "ha"], ["LIMIT", 1]]
  ↳ app/models/user.rb:22
Redirected to http://localhost:3000/session/new
Completed 302 Found in 2ms (ActiveRecord: 0.4ms)


Started GET "/session/new" for 127.0.0.1 at 2019-01-31 14:06:33 -0800
Processing by SessionsController#new as HTML
  Rendering sessions/new.html.erb within layouts/application
  Rendered sessions/new.html.erb within layouts/application (0.4ms)
Completed 200 OK in 16ms (Views: 13.7ms | ActiveRecord: 0.0ms)


Started GET "/session/new" for 127.0.0.1 at 2019-01-31 14:06:54 -0800
Processing by SessionsController#new as HTML
  Rendering sessions/new.html.erb within layouts/application
  Rendered sessions/new.html.erb within layouts/application (0.5ms)
Completed 200 OK in 18ms (Views: 15.0ms | ActiveRecord: 0.0ms)


Started POST "/session" for 127.0.0.1 at 2019-01-31 14:06:56 -0800
Processing by SessionsController#create as HTML
  Parameters: {"authenticity_token"=>"a0AErNhWQ8ZcuMu+2yjclW6ACi4RYWG/i2SpjK95Ci6wbMW1TQweryFaZRvuxKrji+sgav0c9HdgGkUzLWcd3A==", "user"=>{"email"=>"ha", "password"=>"[FILTERED]"}}
  [1m[36mUser Load (0.3ms)[0m  [1m[34mSELECT  "users".* FROM "users" WHERE "users"."email" = $1 LIMIT $2[0m  [["email", "ha"], ["LIMIT", 1]]
  ↳ app/models/user.rb:22
Redirected to http://localhost:3000/session/new
Completed 302 Found in 2ms (ActiveRecord: 0.3ms)


Started GET "/session/new" for 127.0.0.1 at 2019-01-31 14:06:56 -0800
Processing by SessionsController#new as HTML
  Rendering sessions/new.html.erb within layouts/application
  Rendered sessions/new.html.erb within layouts/application (0.5ms)
Completed 200 OK in 17ms (Views: 14.4ms | ActiveRecord: 0.0ms)


Started GET "/session/new" for 127.0.0.1 at 2019-01-31 14:16:54 -0800
Processing by SessionsController#new as HTML
  Rendering sessions/new.html.erb within layouts/application
  Rendered sessions/new.html.erb within layouts/application (0.5ms)
Completed 200 OK in 25ms (Views: 22.4ms | ActiveRecord: 0.0ms)


Started POST "/session" for 127.0.0.1 at 2019-01-31 14:21:53 -0800
Processing by SessionsController#create as HTML
  Parameters: {"authenticity_token"=>"klucE0bwru9rutajgmPV10aD3t3VCNPF4HbRFvcF9WpJd10K06rzhhZYeAa3j6Oho+j0mTl1Rg0LCD2pdRvimA==", "user"=>{"email"=>"darren", "password"=>"[FILTERED]"}}
  [1m[36mUser Load (0.6ms)[0m  [1m[34mSELECT  "users".* FROM "users" WHERE "users"."email" = $1 LIMIT $2[0m  [["email", "darren"], ["LIMIT", 1]]
  ↳ app/models/user.rb:22
  [1m[35m (0.2ms)[0m  [1m[35mBEGIN[0m
  ↳ app/models/user.rb:33
  [1m[36mUser Exists (0.5ms)[0m  [1m[34mSELECT  1 AS one FROM "users" WHERE "users"."session_token" = $1 AND "users"."id" != $2 LIMIT $3[0m  [["session_token", "BmUhTjwvCzLV30YFNOmWSg"], ["id", 5], ["LIMIT", 1]]
  ↳ app/models/user.rb:33
  [1m[36mUser Update (0.5ms)[0m  [1m[33mUPDATE "users" SET "session_token" = $1, "updated_at" = $2 WHERE "users"."id" = $3[0m  [["session_token", "BmUhTjwvCzLV30YFNOmWSg"], ["updated_at", "2019-01-31 22:21:53.334766"], ["id", 5]]
  ↳ app/models/user.rb:33
  [1m[35m (0.8ms)[0m  [1m[35mCOMMIT[0m
  ↳ app/models/user.rb:33
Completed 200 OK in 78ms (Views: 0.4ms | ActiveRecord: 11.1ms)


Started GET "/session/new" for 127.0.0.1 at 2019-01-31 14:23:17 -0800
Processing by SessionsController#new as HTML
  Rendering sessions/new.html.erb within layouts/application
  Rendered sessions/new.html.erb within layouts/application (0.5ms)
Completed 200 OK in 18ms (Views: 15.6ms | ActiveRecord: 0.0ms)


Started GET "/session/new" for 127.0.0.1 at 2019-01-31 14:24:55 -0800
Processing by SessionsController#new as HTML
  Rendering sessions/new.html.erb within layouts/application
  Rendered sessions/new.html.erb within layouts/application (0.6ms)
Completed 200 OK in 20ms (Views: 16.4ms | ActiveRecord: 0.0ms)


Started DELETE "/session" for 127.0.0.1 at 2019-01-31 14:25:33 -0800
Processing by SessionsController#destroy as HTML
  Parameters: {"authenticity_token"=>"Gcdb2mBNVkiOxtwY3Dx9dW7b1c6PczigQQLUuKCkFBLC65rD9RcLIfMkcr3p0AsDi7D/imMOrWiqfDgHIroD4A=="}
  [1m[36mUser Load (0.4ms)[0m  [1m[34mSELECT  "users".* FROM "users" WHERE "users"."session_token" = $1 LIMIT $2[0m  [["session_token", "BmUhTjwvCzLV30YFNOmWSg"], ["LIMIT", 1]]
  ↳ app/controllers/application_controller.rb:19
  [1m[35m (0.1ms)[0m  [1m[35mBEGIN[0m
  ↳ app/models/user.rb:33
  [1m[36mUser Exists (0.4ms)[0m  [1m[34mSELECT  1 AS one FROM "users" WHERE "users"."session_token" = $1 AND "users"."id" != $2 LIMIT $3[0m  [["session_token", "gQh3pxUTCm_JSkIKtazjpw"], ["id", 5], ["LIMIT", 1]]
  ↳ app/models/user.rb:33
  [1m[36mUser Update (0.3ms)[0m  [1m[33mUPDATE "users" SET "session_token" = $1, "updated_at" = $2 WHERE "users"."id" = $3[0m  [["session_token", "gQh3pxUTCm_JSkIKtazjpw"], ["updated_at", "2019-01-31 22:25:33.642818"], ["id", 5]]
  ↳ app/models/user.rb:33
  [1m[35m (0.3ms)[0m  [1m[35mCOMMIT[0m
  ↳ app/models/user.rb:33
Completed 500 Internal Server Error in 161ms (ActiveRecord: 7.2ms)



NameError - undefined local variable or method `user' for #<SessionsController:0x00007fbcc2e14b38>:
  app/controllers/application_controller.rb:15:in `logout!'
  app/controllers/sessions_controller.rb:18:in `destroy'

Started POST "/__better_errors/c9a40800d63ea551/variables" for 127.0.0.1 at 2019-01-31 14:25:33 -0800
Started GET "/session/new" for 127.0.0.1 at 2019-01-31 14:25:49 -0800
Processing by SessionsController#new as HTML
  Rendering sessions/new.html.erb within layouts/application
  Rendered sessions/new.html.erb within layouts/application (0.7ms)
Completed 200 OK in 23ms (Views: 20.6ms | ActiveRecord: 0.0ms)


Started GET "/session/new" for 127.0.0.1 at 2019-01-31 14:25:49 -0800
Processing by SessionsController#new as HTML
  Rendering sessions/new.html.erb within layouts/application
  Rendered sessions/new.html.erb within layouts/application (0.5ms)
Completed 200 OK in 31ms (Views: 18.4ms | ActiveRecord: 0.0ms)


Started POST "/session" for 127.0.0.1 at 2019-01-31 14:25:52 -0800
Processing by SessionsController#create as HTML
  Parameters: {"authenticity_token"=>"hoNaIC/8/oOGSrIfMYB7WXZiPhh0akTIKRHsVgVGY+9dr5s5uqaj6vuoHLoEbA0vkwkUXJgX0QDCbwDph1h0HQ==", "user"=>{"email"=>"darren", "password"=>"[FILTERED]"}}
  [1m[36mUser Load (0.3ms)[0m  [1m[34mSELECT  "users".* FROM "users" WHERE "users"."email" = $1 LIMIT $2[0m  [["email", "darren"], ["LIMIT", 1]]
  ↳ app/models/user.rb:22
  [1m[35m (0.2ms)[0m  [1m[35mBEGIN[0m
  ↳ app/models/user.rb:33
  [1m[36mUser Exists (0.4ms)[0m  [1m[34mSELECT  1 AS one FROM "users" WHERE "users"."session_token" = $1 AND "users"."id" != $2 LIMIT $3[0m  [["session_token", "G7_KkacgX1AY1oI90Q6q4A"], ["id", 5], ["LIMIT", 1]]
  ↳ app/models/user.rb:33
  [1m[36mUser Update (0.4ms)[0m  [1m[33mUPDATE "users" SET "session_token" = $1, "updated_at" = $2 WHERE "users"."id" = $3[0m  [["session_token", "G7_KkacgX1AY1oI90Q6q4A"], ["updated_at", "2019-01-31 22:25:52.736619"], ["id", 5]]
  ↳ app/models/user.rb:33
  [1m[35m (0.5ms)[0m  [1m[35mCOMMIT[0m
  ↳ app/models/user.rb:33
Completed 200 OK in 76ms (Views: 0.3ms | ActiveRecord: 7.2ms)


Started GET "/session/new" for 127.0.0.1 at 2019-01-31 14:25:56 -0800
Processing by SessionsController#new as HTML
  Rendering sessions/new.html.erb within layouts/application
  Rendered sessions/new.html.erb within layouts/application (0.6ms)
Completed 200 OK in 20ms (Views: 17.7ms | ActiveRecord: 0.0ms)


Started DELETE "/session" for 127.0.0.1 at 2019-01-31 14:25:57 -0800
Processing by SessionsController#destroy as HTML
  Parameters: {"authenticity_token"=>"N7JvvHG+Puu8lgsJs5lRyCdq665I/+G/YHLFhfbFeZnsnq6l5ORjgsF0payGdSe+wgHB6qSCdHeLDCk6dNtuaw=="}
  [1m[36mUser Load (0.5ms)[0m  [1m[34mSELECT  "users".* FROM "users" WHERE "users"."session_token" = $1 LIMIT $2[0m  [["session_token", "G7_KkacgX1AY1oI90Q6q4A"], ["LIMIT", 1]]
  ↳ app/controllers/application_controller.rb:19
  [1m[35m (0.2ms)[0m  [1m[35mBEGIN[0m
  ↳ app/models/user.rb:33
  [1m[36mUser Exists (0.4ms)[0m  [1m[34mSELECT  1 AS one FROM "users" WHERE "users"."session_token" = $1 AND "users"."id" != $2 LIMIT $3[0m  [["session_token", "SRadTOdvloJIkNMdwXzU2A"], ["id", 5], ["LIMIT", 1]]
  ↳ app/models/user.rb:33
  [1m[36mUser Update (0.5ms)[0m  [1m[33mUPDATE "users" SET "session_token" = $1, "updated_at" = $2 WHERE "users"."id" = $3[0m  [["session_token", "SRadTOdvloJIkNMdwXzU2A"], ["updated_at", "2019-01-31 22:25:57.932956"], ["id", 5]]
  ↳ app/models/user.rb:33
  [1m[35m (0.6ms)[0m  [1m[35mCOMMIT[0m
  ↳ app/models/user.rb:33
  [1m[36mUser Load (0.2ms)[0m  [1m[34mSELECT  "users".* FROM "users" WHERE "users"."session_token" = $1 LIMIT $2[0m  [["session_token", "G7_KkacgX1AY1oI90Q6q4A"], ["LIMIT", 1]]
  ↳ app/controllers/application_controller.rb:19
Completed 500 Internal Server Error in 9ms (ActiveRecord: 2.5ms)



NoMethodError - undefined method `session_token=' for nil:NilClass:
  app/controllers/application_controller.rb:15:in `logout!'
  app/controllers/sessions_controller.rb:18:in `destroy'

Started POST "/__better_errors/698c7db5fa19143b/variables" for 127.0.0.1 at 2019-01-31 14:25:57 -0800
Started DELETE "/session" for 127.0.0.1 at 2019-01-31 14:27:11 -0800
Processing by SessionsController#destroy as HTML
  Parameters: {"authenticity_token"=>"N7JvvHG+Puu8lgsJs5lRyCdq665I/+G/YHLFhfbFeZnsnq6l5ORjgsF0payGdSe+wgHB6qSCdHeLDCk6dNtuaw=="}
  [1m[36mUser Load (0.3ms)[0m  [1m[34mSELECT  "users".* FROM "users" WHERE "users"."session_token" IS NULL LIMIT $1[0m  [["LIMIT", 1]]
  ↳ app/controllers/application_controller.rb:19
Completed 500 Internal Server Error in 7ms (ActiveRecord: 2.0ms)



NoMethodError - undefined method `reset_session_token' for nil:NilClass:
  app/controllers/application_controller.rb:15:in `logout!'
  app/controllers/sessions_controller.rb:18:in `destroy'

Started POST "/__better_errors/234162b1cc9ad060/variables" for 127.0.0.1 at 2019-01-31 14:27:11 -0800
Started GET "/session/new" for 127.0.0.1 at 2019-01-31 14:27:47 -0800
Processing by SessionsController#new as HTML
  Rendering sessions/new.html.erb within layouts/application
  Rendered sessions/new.html.erb within layouts/application (0.8ms)
Completed 200 OK in 16ms (Views: 14.4ms | ActiveRecord: 0.0ms)


Started POST "/session" for 127.0.0.1 at 2019-01-31 14:27:50 -0800
Processing by SessionsController#create as HTML
  Parameters: {"authenticity_token"=>"WtM3cgutHW8MFnmppffovvHJCnpvNFNASivNA/sscLaB//ZrnvdABnH01wyQG57IFKIgPoNJxoihVSG8eTJnRA==", "user"=>{"email"=>"darren", "password"=>"[FILTERED]"}}
  [1m[36mUser Load (0.5ms)[0m  [1m[34mSELECT  "users".* FROM "users" WHERE "users"."email" = $1 LIMIT $2[0m  [["email", "darren"], ["LIMIT", 1]]
  ↳ app/models/user.rb:22
  [1m[35m (0.3ms)[0m  [1m[35mBEGIN[0m
  ↳ app/models/user.rb:33
  [1m[36mUser Exists (0.3ms)[0m  [1m[34mSELECT  1 AS one FROM "users" WHERE "users"."session_token" = $1 AND "users"."id" != $2 LIMIT $3[0m  [["session_token", "Y1RYEsmJ5xyAeX_H8uTk-w"], ["id", 5], ["LIMIT", 1]]
  ↳ app/models/user.rb:33
  [1m[36mUser Update (0.4ms)[0m  [1m[33mUPDATE "users" SET "session_token" = $1, "updated_at" = $2 WHERE "users"."id" = $3[0m  [["session_token", "Y1RYEsmJ5xyAeX_H8uTk-w"], ["updated_at", "2019-01-31 22:27:50.450602"], ["id", 5]]
  ↳ app/models/user.rb:33
  [1m[35m (0.6ms)[0m  [1m[35mCOMMIT[0m
  ↳ app/models/user.rb:33
Completed 200 OK in 75ms (Views: 0.3ms | ActiveRecord: 7.8ms)


Started GET "/session/new" for 127.0.0.1 at 2019-01-31 14:27:52 -0800
Processing by SessionsController#new as HTML
  Rendering sessions/new.html.erb within layouts/application
  Rendered sessions/new.html.erb within layouts/application (0.5ms)
Completed 200 OK in 17ms (Views: 14.3ms | ActiveRecord: 0.0ms)


Started DELETE "/session" for 127.0.0.1 at 2019-01-31 14:27:53 -0800
Processing by SessionsController#destroy as HTML
  Parameters: {"authenticity_token"=>"AcPmM65fST6QeYm0sLwaQhT232J6WjZUzO/1ee9pRRba7ycqOwUUV+2bJxGFUGw08Z31JpYno5wnkRnGbXdS5A=="}
  [1m[36mUser Load (0.7ms)[0m  [1m[34mSELECT  "users".* FROM "users" WHERE "users"."session_token" = $1 LIMIT $2[0m  [["session_token", "Y1RYEsmJ5xyAeX_H8uTk-w"], ["LIMIT", 1]]
  ↳ app/controllers/application_controller.rb:19
  [1m[35m (0.2ms)[0m  [1m[35mBEGIN[0m
  ↳ app/models/user.rb:33
  [1m[36mUser Exists (0.5ms)[0m  [1m[34mSELECT  1 AS one FROM "users" WHERE "users"."session_token" = $1 AND "users"."id" != $2 LIMIT $3[0m  [["session_token", "oFG_4FZ0NDkncMBLG9PZ1w"], ["id", 5], ["LIMIT", 1]]
  ↳ app/models/user.rb:33
  [1m[36mUser Update (0.6ms)[0m  [1m[33mUPDATE "users" SET "session_token" = $1, "updated_at" = $2 WHERE "users"."id" = $3[0m  [["session_token", "oFG_4FZ0NDkncMBLG9PZ1w"], ["updated_at", "2019-01-31 22:27:53.567300"], ["id", 5]]
  ↳ app/models/user.rb:33
  [1m[35m (0.6ms)[0m  [1m[35mCOMMIT[0m
  ↳ app/models/user.rb:33
Completed 200 OK in 7ms (Views: 0.1ms | ActiveRecord: 2.5ms)


Started GET "/session/new" for 127.0.0.1 at 2019-01-31 14:32:49 -0800
Processing by SessionsController#new as HTML
  Rendering sessions/new.html.erb within layouts/application
  Rendered sessions/new.html.erb within layouts/application (0.5ms)
Completed 200 OK in 17ms (Views: 14.8ms | ActiveRecord: 0.0ms)


Started DELETE "/session" for 127.0.0.1 at 2019-01-31 14:32:50 -0800
Processing by SessionsController#destroy as HTML
  Parameters: {"authenticity_token"=>"ALJtl2XyQ2zxqlou5wrhtDHhgmO1eFfLEXQlEvmlEw7bnqyO8KgeBYxI9IvS5pfC1IqoJ1kFwgP6Csmte7sE/A=="}
  [1m[36mUser Load (0.4ms)[0m  [1m[34mSELECT  "users".* FROM "users" WHERE "users"."session_token" IS NULL LIMIT $1[0m  [["LIMIT", 1]]
  ↳ app/controllers/application_controller.rb:19
Completed 500 Internal Server Error in 8ms (ActiveRecord: 2.4ms)



NoMethodError - undefined method `reset_session_token' for nil:NilClass:
  app/controllers/application_controller.rb:14:in `logout!'
  app/controllers/sessions_controller.rb:18:in `destroy'

Started POST "/__better_errors/2255a5d85c595845/variables" for 127.0.0.1 at 2019-01-31 14:32:50 -0800
Started POST "/session" for 127.0.0.1 at 2019-01-31 14:32:57 -0800
Processing by SessionsController#create as HTML
  Parameters: {"authenticity_token"=>"ALJtl2XyQ2zxqlou5wrhtDHhgmO1eFfLEXQlEvmlEw7bnqyO8KgeBYxI9IvS5pfC1IqoJ1kFwgP6Csmte7sE/A==", "user"=>{"email"=>"darren", "password"=>"[FILTERED]"}}
  [1m[36mUser Load (0.5ms)[0m  [1m[34mSELECT  "users".* FROM "users" WHERE "users"."email" = $1 LIMIT $2[0m  [["email", "darren"], ["LIMIT", 1]]
  ↳ app/models/user.rb:22
  [1m[35m (0.2ms)[0m  [1m[35mBEGIN[0m
  ↳ app/models/user.rb:33
  [1m[36mUser Exists (0.4ms)[0m  [1m[34mSELECT  1 AS one FROM "users" WHERE "users"."session_token" = $1 AND "users"."id" != $2 LIMIT $3[0m  [["session_token", "phxR-b7QGTcfaFXwiEMfuQ"], ["id", 5], ["LIMIT", 1]]
  ↳ app/models/user.rb:33
  [1m[36mUser Update (0.3ms)[0m  [1m[33mUPDATE "users" SET "session_token" = $1, "updated_at" = $2 WHERE "users"."id" = $3[0m  [["session_token", "phxR-b7QGTcfaFXwiEMfuQ"], ["updated_at", "2019-01-31 22:32:58.039848"], ["id", 5]]
  ↳ app/models/user.rb:33
  [1m[35m (0.7ms)[0m  [1m[35mCOMMIT[0m
  ↳ app/models/user.rb:33
Completed 200 OK in 72ms (Views: 0.5ms | ActiveRecord: 6.1ms)


Started GET "/session/new" for 127.0.0.1 at 2019-01-31 14:33:01 -0800
Processing by SessionsController#new as HTML
  Rendering sessions/new.html.erb within layouts/application
  Rendered sessions/new.html.erb within layouts/application (0.6ms)
Completed 200 OK in 18ms (Views: 15.3ms | ActiveRecord: 0.0ms)


Started DELETE "/session" for 127.0.0.1 at 2019-01-31 14:33:02 -0800
Processing by SessionsController#destroy as HTML
  Parameters: {"authenticity_token"=>"IwbqzBo+ZadcW2JlVXSkT5c5p5bXTejvUpN/2UovJuT4KivVj2Q4ziG5zMBgmNI5clKN0jswfSe57ZNmyDExFg=="}
  [1m[36mUser Load (0.4ms)[0m  [1m[34mSELECT  "users".* FROM "users" WHERE "users"."session_token" = $1 LIMIT $2[0m  [["session_token", "phxR-b7QGTcfaFXwiEMfuQ"], ["LIMIT", 1]]
  ↳ app/controllers/application_controller.rb:19
  [1m[35m (0.1ms)[0m  [1m[35mBEGIN[0m
  ↳ app/models/user.rb:33
  [1m[36mUser Exists (0.4ms)[0m  [1m[34mSELECT  1 AS one FROM "users" WHERE "users"."session_token" = $1 AND "users"."id" != $2 LIMIT $3[0m  [["session_token", "5kUYYmM5c2_flj8ruJgUGA"], ["id", 5], ["LIMIT", 1]]
  ↳ app/models/user.rb:33
  [1m[36mUser Update (0.4ms)[0m  [1m[33mUPDATE "users" SET "session_token" = $1, "updated_at" = $2 WHERE "users"."id" = $3[0m  [["session_token", "5kUYYmM5c2_flj8ruJgUGA"], ["updated_at", "2019-01-31 22:33:02.312618"], ["id", 5]]
  ↳ app/models/user.rb:33
  [1m[35m (0.6ms)[0m  [1m[35mCOMMIT[0m
  ↳ app/models/user.rb:33
Completed 200 OK in 6ms (Views: 0.1ms | ActiveRecord: 1.9ms)


Started GET "/session/new" for 127.0.0.1 at 2019-01-31 14:33:07 -0800
Processing by SessionsController#new as HTML
  Rendering sessions/new.html.erb within layouts/application
  Rendered sessions/new.html.erb within layouts/application (0.5ms)
Completed 200 OK in 18ms (Views: 15.2ms | ActiveRecord: 0.0ms)


Started GET "/session/new" for 127.0.0.1 at 2019-01-31 14:41:58 -0800
Processing by SessionsController#new as HTML
  Rendering sessions/new.html.erb within layouts/application
  Rendered sessions/new.html.erb within layouts/application (0.5ms)
Completed 200 OK in 21ms (Views: 18.2ms | ActiveRecord: 0.0ms)


Started POST "/session" for 127.0.0.1 at 2019-01-31 14:42:02 -0800
Processing by SessionsController#create as HTML
  Parameters: {"authenticity_token"=>"KQzGXWqOvyObrwdRmJK+mKa395t3Nj2oKbZ8ga/iMiHyIAdE/9TiSuZNqfStfsjuQ9zd35tLqGDCyJA+Lfwl0w==", "user"=>{"email"=>"darren", "password"=>"[FILTERED]"}}
  [1m[36mUser Load (0.7ms)[0m  [1m[34mSELECT  "users".* FROM "users" WHERE "users"."email" = $1 LIMIT $2[0m  [["email", "darren"], ["LIMIT", 1]]
  ↳ app/models/user.rb:22
  [1m[35m (0.2ms)[0m  [1m[35mBEGIN[0m
  ↳ app/models/user.rb:33
  [1m[36mUser Exists (0.5ms)[0m  [1m[34mSELECT  1 AS one FROM "users" WHERE "users"."session_token" = $1 AND "users"."id" != $2 LIMIT $3[0m  [["session_token", "I3o3mjGZ9i1GzWj2UxSD6g"], ["id", 5], ["LIMIT", 1]]
  ↳ app/models/user.rb:33
  [1m[36mUser Update (0.5ms)[0m  [1m[33mUPDATE "users" SET "session_token" = $1, "updated_at" = $2 WHERE "users"."id" = $3[0m  [["session_token", "I3o3mjGZ9i1GzWj2UxSD6g"], ["updated_at", "2019-01-31 22:42:02.238496"], ["id", 5]]
  ↳ app/models/user.rb:33
  [1m[35m (0.8ms)[0m  [1m[35mCOMMIT[0m
  ↳ app/models/user.rb:33
Redirected to http://localhost:3000/users
Completed 302 Found in 80ms (ActiveRecord: 12.2ms)


Started GET "/users" for 127.0.0.1 at 2019-01-31 14:42:02 -0800
Processing by UsersController#index as HTML
  Rendering users/index.html.erb within layouts/application
  Rendered users/index.html.erb within layouts/application (0.2ms)
Completed 200 OK in 19ms (Views: 16.3ms | ActiveRecord: 0.0ms)


Started GET "/users" for 127.0.0.1 at 2019-01-31 14:43:27 -0800
Processing by UsersController#index as HTML
  Rendering users/index.html.erb within layouts/application
  Rendered users/index.html.erb within layouts/application (0.3ms)
Completed 500 Internal Server Error in 138ms (ActiveRecord: 0.0ms)



NoMethodError - undefined method `logged_in?' for #<#<Class:0x00007fbcc99bf108>:0x00007fbccab31c38>
Did you mean?  loggedin?:
  app/views/layouts/application.html.erb:13:in `_app_views_layouts_application_html_erb__4437519031298505542_70224406088720'

Started POST "/__better_errors/dab0c1d5fa78ee5a/variables" for 127.0.0.1 at 2019-01-31 14:43:27 -0800
Started GET "/users" for 127.0.0.1 at 2019-01-31 14:43:52 -0800
Processing by UsersController#index as HTML
  Rendering users/index.html.erb within layouts/application
  Rendered users/index.html.erb within layouts/application (0.2ms)
  [1m[36mUser Load (0.2ms)[0m  [1m[34mSELECT  "users".* FROM "users" WHERE "users"."session_token" = $1 LIMIT $2[0m  [["session_token", "I3o3mjGZ9i1GzWj2UxSD6g"], ["LIMIT", 1]]
  ↳ app/controllers/application_controller.rb:19
Completed 200 OK in 27ms (Views: 19.9ms | ActiveRecord: 5.2ms)


Started GET "/users" for 127.0.0.1 at 2019-01-31 14:44:18 -0800
Processing by UsersController#index as HTML
  Rendering users/index.html.erb within layouts/application
  Rendered users/index.html.erb within layouts/application (0.3ms)
Completed 500 Internal Server Error in 7ms (ActiveRecord: 0.0ms)



SyntaxError - syntax error, unexpected '<'
...reeze;@output_buffer.append=( <strong>"You are logged in"</s...
...                              ^
/Users/darrenyong/Desktop/App Academy/Classwork/W4D4/MusicApp/app/views/layouts/application.html.erb:20: unknown regexp options - bdy
/Users/darrenyong/Desktop/App Academy/Classwork/W4D4/MusicApp/app/views/layouts/application.html.erb:20: unmatched close parenthesis: /strong> );@output_buffer.safe_append='
'.freeze;     else 
@output_buffer.safe_append='      '.freeze;@output_buffer.append=( "You are logged out" );@output_buffer.safe_append='
'.freeze;     end 
@output_buffer.safe_append='
    '.freeze;@output_buffer.append=( yield );@output_buffer.safe_append='
  </
/Users/darrenyong/Desktop/App Academy/Classwork/W4D4/MusicApp/app/views/layouts/application.html.erb:21: syntax error, unexpected '<'
</html>'.freeze;
^
/Users/darrenyong/Desktop/App Academy/Classwork/W4D4/MusicApp/app/views/layouts/application.html.erb:25: unterminated regexp meets end of file
          end
             ^
/Users/darrenyong/Desktop/App Academy/Classwork/W4D4/MusicApp/app/views/layouts/application.html.erb:25: syntax error, unexpected end-of-input, expecting ')'
          end
             ^:
  app/views/layouts/application.html.erb:14:in `'

Started POST "/__better_errors/9956e859b552a74b/variables" for 127.0.0.1 at 2019-01-31 14:44:18 -0800
Started GET "/users" for 127.0.0.1 at 2019-01-31 14:44:25 -0800
Processing by UsersController#index as HTML
  Rendering users/index.html.erb within layouts/application
  Rendered users/index.html.erb within layouts/application (0.2ms)
  [1m[36mUser Load (0.4ms)[0m  [1m[34mSELECT  "users".* FROM "users" WHERE "users"."session_token" = $1 LIMIT $2[0m  [["session_token", "I3o3mjGZ9i1GzWj2UxSD6g"], ["LIMIT", 1]]
  ↳ app/controllers/application_controller.rb:19
Completed 200 OK in 16ms (Views: 14.0ms | ActiveRecord: 0.4ms)


Started GET "/users" for 127.0.0.1 at 2019-01-31 14:45:05 -0800
Processing by UsersController#index as HTML
  Rendering users/index.html.erb within layouts/application
  Rendered users/index.html.erb within layouts/application (0.2ms)
  [1m[36mUser Load (0.4ms)[0m  [1m[34mSELECT  "users".* FROM "users" WHERE "users"."session_token" = $1 LIMIT $2[0m  [["session_token", "I3o3mjGZ9i1GzWj2UxSD6g"], ["LIMIT", 1]]
  ↳ app/controllers/application_controller.rb:19
Completed 200 OK in 16ms (Views: 13.6ms | ActiveRecord: 0.4ms)


Started POST "/session" for 127.0.0.1 at 2019-01-31 14:45:06 -0800
Processing by SessionsController#create as HTML
  Parameters: {"authenticity_token"=>"b3WHQdS3iqQhsWKyNPKBnS6m0P4Y0goVbd5v6EhWGeW0WUZYQe3XzVxTzBcBHvfry836uvSvn92GoINXykgOFw=="}
Completed 500 Internal Server Error in 1ms (ActiveRecord: 0.0ms)



NoMethodError - undefined method `[]' for nil:NilClass:
  app/controllers/sessions_controller.rb:7:in `create'

Started POST "/__better_errors/9921211b962db6b9/variables" for 127.0.0.1 at 2019-01-31 14:45:06 -0800
Started GET "/users" for 127.0.0.1 at 2019-01-31 14:45:23 -0800
Processing by UsersController#index as HTML
  Rendering users/index.html.erb within layouts/application
  Rendered users/index.html.erb within layouts/application (0.3ms)
  [1m[36mUser Load (0.4ms)[0m  [1m[34mSELECT  "users".* FROM "users" WHERE "users"."session_token" = $1 LIMIT $2[0m  [["session_token", "I3o3mjGZ9i1GzWj2UxSD6g"], ["LIMIT", 1]]
  ↳ app/controllers/application_controller.rb:19
Completed 200 OK in 19ms (Views: 16.8ms | ActiveRecord: 0.4ms)


Started POST "/session/new" for 127.0.0.1 at 2019-01-31 14:45:24 -0800
  
ActionController::RoutingError (No route matches [POST] "/session/new"):
  
actionpack (5.2.2) lib/action_dispatch/middleware/debug_exceptions.rb:65:in `call'
web-console (3.7.0) lib/web_console/middleware.rb:135:in `call_app'
web-console (3.7.0) lib/web_console/middleware.rb:30:in `block in call'
web-console (3.7.0) lib/web_console/middleware.rb:20:in `catch'
web-console (3.7.0) lib/web_console/middleware.rb:20:in `call'
actionpack (5.2.2) lib/action_dispatch/middleware/show_exceptions.rb:33:in `call'
railties (5.2.2) lib/rails/rack/logger.rb:38:in `call_app'
railties (5.2.2) lib/rails/rack/logger.rb:26:in `block in call'
activesupport (5.2.2) lib/active_support/tagged_logging.rb:71:in `block in tagged'
activesupport (5.2.2) lib/active_support/tagged_logging.rb:28:in `tagged'
activesupport (5.2.2) lib/active_support/tagged_logging.rb:71:in `tagged'
railties (5.2.2) lib/rails/rack/logger.rb:26:in `call'
sprockets-rails (3.2.1) lib/sprockets/rails/quiet_assets.rb:13:in `call'
actionpack (5.2.2) lib/action_dispatch/middleware/remote_ip.rb:81:in `call'
actionpack (5.2.2) lib/action_dispatch/middleware/request_id.rb:27:in `call'
rack (2.0.6) lib/rack/method_override.rb:22:in `call'
rack (2.0.6) lib/rack/runtime.rb:22:in `call'
activesupport (5.2.2) lib/active_support/cache/strategy/local_cache_middleware.rb:29:in `call'
actionpack (5.2.2) lib/action_dispatch/middleware/executor.rb:14:in `call'
actionpack (5.2.2) lib/action_dispatch/middleware/static.rb:127:in `call'
rack (2.0.6) lib/rack/sendfile.rb:111:in `call'
railties (5.2.2) lib/rails/engine.rb:524:in `call'
puma (3.12.0) lib/puma/configuration.rb:225:in `call'
puma (3.12.0) lib/puma/server.rb:658:in `handle_request'
puma (3.12.0) lib/puma/server.rb:472:in `process_client'
puma (3.12.0) lib/puma/server.rb:332:in `block in run'
puma (3.12.0) lib/puma/thread_pool.rb:133:in `block in spawn_thread'
Started GET "/users" for 127.0.0.1 at 2019-01-31 14:45:47 -0800
Processing by UsersController#index as HTML
  Rendering users/index.html.erb within layouts/application
  Rendered users/index.html.erb within layouts/application (0.3ms)
  [1m[36mUser Load (0.4ms)[0m  [1m[34mSELECT  "users".* FROM "users" WHERE "users"."session_token" = $1 LIMIT $2[0m  [["session_token", "I3o3mjGZ9i1GzWj2UxSD6g"], ["LIMIT", 1]]
  ↳ app/controllers/application_controller.rb:19
Completed 200 OK in 20ms (Views: 16.6ms | ActiveRecord: 0.4ms)


Started GET "/users" for 127.0.0.1 at 2019-01-31 14:45:48 -0800
Processing by UsersController#index as HTML
  Rendering users/index.html.erb within layouts/application
  Rendered users/index.html.erb within layouts/application (0.2ms)
  [1m[36mUser Load (0.4ms)[0m  [1m[34mSELECT  "users".* FROM "users" WHERE "users"."session_token" = $1 LIMIT $2[0m  [["session_token", "I3o3mjGZ9i1GzWj2UxSD6g"], ["LIMIT", 1]]
  ↳ app/controllers/application_controller.rb:19
Completed 200 OK in 21ms (Views: 17.4ms | ActiveRecord: 0.4ms)


Started GET "/session/new" for 127.0.0.1 at 2019-01-31 14:45:49 -0800
Processing by SessionsController#new as HTML
  Parameters: {"authenticity_token"=>"elqO5mnqoxKVKa2iKcEZ2n14UdYtmCWqxHSyHohfWj+hdk///LD+e+jLAwccLW+smBN7ksHlsGIvCl6hCkFNzQ=="}
  Rendering sessions/new.html.erb within layouts/application
  Rendered sessions/new.html.erb within layouts/application (0.7ms)
  [1m[36mUser Load (0.3ms)[0m  [1m[34mSELECT  "users".* FROM "users" WHERE "users"."session_token" = $1 LIMIT $2[0m  [["session_token", "I3o3mjGZ9i1GzWj2UxSD6g"], ["LIMIT", 1]]
  ↳ app/controllers/application_controller.rb:19
Completed 200 OK in 21ms (Views: 17.8ms | ActiveRecord: 0.3ms)


Started DELETE "/session" for 127.0.0.1 at 2019-01-31 14:45:50 -0800
Processing by SessionsController#destroy as HTML
  Parameters: {"authenticity_token"=>"u5bbvB62UU3iWhOVaBI4Jli72E43HCPOwJz7JYklytpguhqli+wMJJ+4vTBd/k5QvdDyCtthtgYr4heaCzvdKA=="}
  [1m[36mUser Load (0.5ms)[0m  [1m[34mSELECT  "users".* FROM "users" WHERE "users"."session_token" = $1 LIMIT $2[0m  [["session_token", "I3o3mjGZ9i1GzWj2UxSD6g"], ["LIMIT", 1]]
  ↳ app/controllers/application_controller.rb:19
  [1m[35m (0.2ms)[0m  [1m[35mBEGIN[0m
  ↳ app/models/user.rb:33
  [1m[36mUser Exists (0.4ms)[0m  [1m[34mSELECT  1 AS one FROM "users" WHERE "users"."session_token" = $1 AND "users"."id" != $2 LIMIT $3[0m  [["session_token", "E40LmBVuPca-Telic27kxA"], ["id", 5], ["LIMIT", 1]]
  ↳ app/models/user.rb:33
  [1m[36mUser Update (0.4ms)[0m  [1m[33mUPDATE "users" SET "session_token" = $1, "updated_at" = $2 WHERE "users"."id" = $3[0m  [["session_token", "E40LmBVuPca-Telic27kxA"], ["updated_at", "2019-01-31 22:45:50.859877"], ["id", 5]]
  ↳ app/models/user.rb:33
  [1m[35m (0.3ms)[0m  [1m[35mCOMMIT[0m
  ↳ app/models/user.rb:33
Redirected to http://localhost:3000/session/new
Completed 302 Found in 6ms (ActiveRecord: 1.8ms)


Started GET "/session/new" for 127.0.0.1 at 2019-01-31 14:45:50 -0800
Processing by SessionsController#new as HTML
  Rendering sessions/new.html.erb within layouts/application
  Rendered sessions/new.html.erb within layouts/application (0.6ms)
  [1m[36mUser Load (0.4ms)[0m  [1m[34mSELECT  "users".* FROM "users" WHERE "users"."session_token" IS NULL LIMIT $1[0m  [["LIMIT", 1]]
  ↳ app/controllers/application_controller.rb:19
Completed 200 OK in 20ms (Views: 17.5ms | ActiveRecord: 0.4ms)


Started DELETE "/session" for 127.0.0.1 at 2019-01-31 14:45:52 -0800
Processing by SessionsController#destroy as HTML
  Parameters: {"authenticity_token"=>"lrqw3W3xcNaTCiWLOwOQZxDWnjUt9XaBz/PsthHl8+FNlnHE+Kstv+7oiy4O7+YR9b20ccGI40kkjQAJk/vkEw=="}
  [1m[36mUser Load (0.5ms)[0m  [1m[34mSELECT  "users".* FROM "users" WHERE "users"."session_token" IS NULL LIMIT $1[0m  [["LIMIT", 1]]
  ↳ app/controllers/application_controller.rb:19
Completed 500 Internal Server Error in 5ms (ActiveRecord: 0.5ms)



NoMethodError - undefined method `reset_session_token' for nil:NilClass:
  app/controllers/application_controller.rb:14:in `logout!'
  app/controllers/sessions_controller.rb:18:in `destroy'

Started POST "/__better_errors/22231828a201c7fc/variables" for 127.0.0.1 at 2019-01-31 14:45:53 -0800
Started GET "/session/new" for 127.0.0.1 at 2019-01-31 14:45:54 -0800
Processing by SessionsController#new as HTML
  Rendering sessions/new.html.erb within layouts/application
  Rendered sessions/new.html.erb within layouts/application (0.7ms)
  [1m[36mUser Load (0.4ms)[0m  [1m[34mSELECT  "users".* FROM "users" WHERE "users"."session_token" IS NULL LIMIT $1[0m  [["LIMIT", 1]]
  ↳ app/controllers/application_controller.rb:19
Completed 200 OK in 23ms (Views: 19.0ms | ActiveRecord: 0.4ms)


Started GET "/session/new" for 127.0.0.1 at 2019-01-31 14:45:55 -0800
Processing by SessionsController#new as HTML
  Parameters: {"authenticity_token"=>"fk3miaXjo9+fdG4qO6mTJLjgpAnJOnjpdz9QJaoB90mlYSeQMLn+tuKWwI8OReVSXYuOTSVH7SGcQbyaKB/guw=="}
  Rendering sessions/new.html.erb within layouts/application
  Rendered sessions/new.html.erb within layouts/application (0.6ms)
  [1m[36mUser Load (0.5ms)[0m  [1m[34mSELECT  "users".* FROM "users" WHERE "users"."session_token" IS NULL LIMIT $1[0m  [["LIMIT", 1]]
  ↳ app/controllers/application_controller.rb:19
Completed 200 OK in 22ms (Views: 17.7ms | ActiveRecord: 0.5ms)


Started GET "/session/new" for 127.0.0.1 at 2019-01-31 14:45:56 -0800
Processing by SessionsController#new as HTML
  Parameters: {"authenticity_token"=>"mQUFyLRUScElhHC8gKSGdfJBVxVY5zSCFHS9MujiiRJCKcTRIQ4UqFhm3hm1SPADFyp9UbSaoUr/ClGNavye4A=="}
  Rendering sessions/new.html.erb within layouts/application
  Rendered sessions/new.html.erb within layouts/application (0.6ms)
  [1m[36mUser Load (0.4ms)[0m  [1m[34mSELECT  "users".* FROM "users" WHERE "users"."session_token" IS NULL LIMIT $1[0m  [["LIMIT", 1]]
  ↳ app/controllers/application_controller.rb:19
Completed 200 OK in 21ms (Views: 17.8ms | ActiveRecord: 0.4ms)


Started GET "/session/new" for 127.0.0.1 at 2019-01-31 14:45:56 -0800
Processing by SessionsController#new as HTML
  Parameters: {"authenticity_token"=>"WgM9TI4cT3Oyam/pd/dKPby8QlvGJvMNowrtTG/qKYqBL/xVG0YSGs+IwUxCGzxLWddoHypbZsVIdAHz7fQ+eA=="}
  Rendering sessions/new.html.erb within layouts/application
  Rendered sessions/new.html.erb within layouts/application (0.6ms)
  [1m[36mUser Load (0.4ms)[0m  [1m[34mSELECT  "users".* FROM "users" WHERE "users"."session_token" IS NULL LIMIT $1[0m  [["LIMIT", 1]]
  ↳ app/controllers/application_controller.rb:19
Completed 200 OK in 22ms (Views: 18.5ms | ActiveRecord: 0.4ms)


Started GET "/session/new" for 127.0.0.1 at 2019-01-31 14:45:56 -0800
Processing by SessionsController#new as HTML
  Parameters: {"authenticity_token"=>"BIJBU1QVZ7s0vqAsRbJAjKRvdfZCo9F9lIEEw7/pBqzfroBKwU860klcDolwXjb6QQRfsq7eRLV//+h8PfcRXg=="}
  Rendering sessions/new.html.erb within layouts/application
  Rendered sessions/new.html.erb within layouts/application (0.6ms)
  [1m[36mUser Load (0.4ms)[0m  [1m[34mSELECT  "users".* FROM "users" WHERE "users"."session_token" IS NULL LIMIT $1[0m  [["LIMIT", 1]]
  ↳ app/controllers/application_controller.rb:19
Completed 200 OK in 22ms (Views: 18.3ms | ActiveRecord: 0.4ms)


Started GET "/session/new" for 127.0.0.1 at 2019-01-31 14:45:57 -0800
Processing by SessionsController#new as HTML
  Parameters: {"authenticity_token"=>"UBKtC9ospjQCnVvSpOc3RgOlmt12C6zweyIoE7t5DHeLPmwST3b7XX9/9XeRC0Ew5s6wmZp2OTiQXMSsOWcbhQ=="}
  Rendering sessions/new.html.erb within layouts/application
  Rendered sessions/new.html.erb within layouts/application (0.6ms)
  [1m[36mUser Load (0.4ms)[0m  [1m[34mSELECT  "users".* FROM "users" WHERE "users"."session_token" IS NULL LIMIT $1[0m  [["LIMIT", 1]]
  ↳ app/controllers/application_controller.rb:19
Completed 200 OK in 23ms (Views: 18.5ms | ActiveRecord: 0.4ms)


Started GET "/session/new" for 127.0.0.1 at 2019-01-31 14:45:57 -0800
Processing by SessionsController#new as HTML
  Parameters: {"authenticity_token"=>"Bw7JEHCzHu48mC9WJnNeb8OWIrBv3gwwDqWG7Q1Vy5zcIggJ5elDh0F6gfMTnygZJv0I9IOjmfjl22pSj0vcbg=="}
  Rendering sessions/new.html.erb within layouts/application
  Rendered sessions/new.html.erb within layouts/application (0.6ms)
  [1m[36mUser Load (0.4ms)[0m  [1m[34mSELECT  "users".* FROM "users" WHERE "users"."session_token" IS NULL LIMIT $1[0m  [["LIMIT", 1]]
  ↳ app/controllers/application_controller.rb:19
Completed 200 OK in 28ms (Views: 24.5ms | ActiveRecord: 0.4ms)


Started POST "/session" for 127.0.0.1 at 2019-01-31 14:46:01 -0800
Processing by SessionsController#create as HTML
  Parameters: {"authenticity_token"=>"H6PfleAHAk2w/msrUAdj4Kea8lfeHMINKvn5wyiYCmzEjx6MdV1fJM0cxY5l6xWWQvHYEzJhV8XBhxV8qoYdng==", "user"=>{"email"=>"darren", "password"=>"[FILTERED]"}}
  [1m[36mUser Load (0.4ms)[0m  [1m[34mSELECT  "users".* FROM "users" WHERE "users"."email" = $1 LIMIT $2[0m  [["email", "darren"], ["LIMIT", 1]]
  ↳ app/models/user.rb:22
  [1m[35m (0.1ms)[0m  [1m[35mBEGIN[0m
  ↳ app/models/user.rb:33
  [1m[36mUser Exists (0.4ms)[0m  [1m[34mSELECT  1 AS one FROM "users" WHERE "users"."session_token" = $1 AND "users"."id" != $2 LIMIT $3[0m  [["session_token", "SCxuJnNFls_7y-EJxqeqQw"], ["id", 5], ["LIMIT", 1]]
  ↳ app/models/user.rb:33
  [1m[36mUser Update (0.3ms)[0m  [1m[33mUPDATE "users" SET "session_token" = $1, "updated_at" = $2 WHERE "users"."id" = $3[0m  [["session_token", "SCxuJnNFls_7y-EJxqeqQw"], ["updated_at", "2019-01-31 22:46:01.494849"], ["id", 5]]
  ↳ app/models/user.rb:33
  [1m[35m (0.5ms)[0m  [1m[35mCOMMIT[0m
  ↳ app/models/user.rb:33
Redirected to http://localhost:3000/users
Completed 302 Found in 63ms (ActiveRecord: 1.8ms)


Started GET "/users" for 127.0.0.1 at 2019-01-31 14:46:01 -0800
Processing by UsersController#index as HTML
  Rendering users/index.html.erb within layouts/application
  Rendered users/index.html.erb within layouts/application (0.2ms)
  [1m[36mUser Load (0.3ms)[0m  [1m[34mSELECT  "users".* FROM "users" WHERE "users"."session_token" = $1 LIMIT $2[0m  [["session_token", "SCxuJnNFls_7y-EJxqeqQw"], ["LIMIT", 1]]
  ↳ app/controllers/application_controller.rb:19
Completed 200 OK in 18ms (Views: 15.6ms | ActiveRecord: 0.3ms)


Started DELETE "/session" for 127.0.0.1 at 2019-01-31 14:46:03 -0800
Processing by SessionsController#destroy as HTML
  Parameters: {"authenticity_token"=>"j6JeCXdm/mkw44crKMm7ay0Bsp9Ou6B3x1wk6pcBhLxUjp8Q4jyjAE0BKY4dJc0dyGqY26LGNb8sIshVFR+TTg=="}
  [1m[36mUser Load (0.5ms)[0m  [1m[34mSELECT  "users".* FROM "users" WHERE "users"."session_token" = $1 LIMIT $2[0m  [["session_token", "SCxuJnNFls_7y-EJxqeqQw"], ["LIMIT", 1]]
  ↳ app/controllers/application_controller.rb:19
  [1m[35m (0.2ms)[0m  [1m[35mBEGIN[0m
  ↳ app/models/user.rb:33
  [1m[36mUser Exists (0.4ms)[0m  [1m[34mSELECT  1 AS one FROM "users" WHERE "users"."session_token" = $1 AND "users"."id" != $2 LIMIT $3[0m  [["session_token", "EJQLZwNf_ndUXPOjCqQlIA"], ["id", 5], ["LIMIT", 1]]
  ↳ app/models/user.rb:33
  [1m[36mUser Update (0.5ms)[0m  [1m[33mUPDATE "users" SET "session_token" = $1, "updated_at" = $2 WHERE "users"."id" = $3[0m  [["session_token", "EJQLZwNf_ndUXPOjCqQlIA"], ["updated_at", "2019-01-31 22:46:03.292268"], ["id", 5]]
  ↳ app/models/user.rb:33
  [1m[35m (0.6ms)[0m  [1m[35mCOMMIT[0m
  ↳ app/models/user.rb:33
Redirected to http://localhost:3000/session/new
Completed 302 Found in 6ms (ActiveRecord: 2.1ms)


Started GET "/session/new" for 127.0.0.1 at 2019-01-31 14:46:03 -0800
Processing by SessionsController#new as HTML
  Rendering sessions/new.html.erb within layouts/application
  Rendered sessions/new.html.erb within layouts/application (0.6ms)
  [1m[36mUser Load (0.4ms)[0m  [1m[34mSELECT  "users".* FROM "users" WHERE "users"."session_token" IS NULL LIMIT $1[0m  [["LIMIT", 1]]
  ↳ app/controllers/application_controller.rb:19
Completed 200 OK in 20ms (Views: 17.4ms | ActiveRecord: 0.4ms)


Started GET "/session/new" for 127.0.0.1 at 2019-01-31 14:47:21 -0800
Processing by SessionsController#new as HTML
  Rendering sessions/new.html.erb within layouts/application
  Rendered sessions/new.html.erb within layouts/application (0.6ms)
  [1m[36mUser Load (0.4ms)[0m  [1m[34mSELECT  "users".* FROM "users" WHERE "users"."session_token" IS NULL LIMIT $1[0m  [["LIMIT", 1]]
  ↳ app/controllers/application_controller.rb:19
Completed 200 OK in 20ms (Views: 16.8ms | ActiveRecord: 0.4ms)


Started POST "/session" for 127.0.0.1 at 2019-01-31 14:47:30 -0800
Processing by SessionsController#create as HTML
  Parameters: {"authenticity_token"=>"Yhjy6Pup7mJsWXwk2Ne8cZMO70f94MSdwNLiiGW8S5W5NDPxbvOzCxG70oHtO8oHdmXFAxGdUVUrrA4356JcZw==", "user"=>{"email"=>"darren", "password"=>"[FILTERED]"}}
  [1m[36mUser Load (0.5ms)[0m  [1m[34mSELECT  "users".* FROM "users" WHERE "users"."email" = $1 LIMIT $2[0m  [["email", "darren"], ["LIMIT", 1]]
  ↳ app/models/user.rb:22
  [1m[35m (0.2ms)[0m  [1m[35mBEGIN[0m
  ↳ app/models/user.rb:33
  [1m[36mUser Exists (0.4ms)[0m  [1m[34mSELECT  1 AS one FROM "users" WHERE "users"."session_token" = $1 AND "users"."id" != $2 LIMIT $3[0m  [["session_token", "6p12Sy_fu_u8zFfwE8Qw4g"], ["id", 5], ["LIMIT", 1]]
  ↳ app/models/user.rb:33
  [1m[36mUser Update (0.4ms)[0m  [1m[33mUPDATE "users" SET "session_token" = $1, "updated_at" = $2 WHERE "users"."id" = $3[0m  [["session_token", "6p12Sy_fu_u8zFfwE8Qw4g"], ["updated_at", "2019-01-31 22:47:30.712643"], ["id", 5]]
  ↳ app/models/user.rb:33
  [1m[35m (0.7ms)[0m  [1m[35mCOMMIT[0m
  ↳ app/models/user.rb:33
Redirected to http://localhost:3000/users
Completed 302 Found in 64ms (ActiveRecord: 2.2ms)


Started GET "/users" for 127.0.0.1 at 2019-01-31 14:47:30 -0800
Processing by UsersController#index as HTML
  Rendering users/index.html.erb within layouts/application
  Rendered users/index.html.erb within layouts/application (0.3ms)
  [1m[36mUser Load (0.3ms)[0m  [1m[34mSELECT  "users".* FROM "users" WHERE "users"."session_token" = $1 LIMIT $2[0m  [["session_token", "6p12Sy_fu_u8zFfwE8Qw4g"], ["LIMIT", 1]]
  ↳ app/controllers/application_controller.rb:19
Completed 200 OK in 18ms (Views: 15.2ms | ActiveRecord: 0.3ms)


Started DELETE "/session" for 127.0.0.1 at 2019-01-31 14:47:37 -0800
Processing by SessionsController#destroy as HTML
  Parameters: {"authenticity_token"=>"vEMllfBZI2wLIiXOQ2gVb7enog4ZqFaj9I1+KSNSA8Jnb+SMZQN+BXbAi2t2hGMZUsyISvXVw2sf85KWoUwUMA=="}
  [1m[36mUser Load (0.3ms)[0m  [1m[34mSELECT  "users".* FROM "users" WHERE "users"."session_token" = $1 LIMIT $2[0m  [["session_token", "6p12Sy_fu_u8zFfwE8Qw4g"], ["LIMIT", 1]]
  ↳ app/controllers/application_controller.rb:19
  [1m[35m (0.2ms)[0m  [1m[35mBEGIN[0m
  ↳ app/models/user.rb:33
  [1m[36mUser Exists (0.5ms)[0m  [1m[34mSELECT  1 AS one FROM "users" WHERE "users"."session_token" = $1 AND "users"."id" != $2 LIMIT $3[0m  [["session_token", "vktiReZ7zS7jqEpEwF7p_A"], ["id", 5], ["LIMIT", 1]]
  ↳ app/models/user.rb:33
  [1m[36mUser Update (0.6ms)[0m  [1m[33mUPDATE "users" SET "session_token" = $1, "updated_at" = $2 WHERE "users"."id" = $3[0m  [["session_token", "vktiReZ7zS7jqEpEwF7p_A"], ["updated_at", "2019-01-31 22:47:37.044588"], ["id", 5]]
  ↳ app/models/user.rb:33
  [1m[35m (0.6ms)[0m  [1m[35mCOMMIT[0m
  ↳ app/models/user.rb:33
Redirected to http://localhost:3000/session/new
Completed 302 Found in 6ms (ActiveRecord: 2.1ms)


Started GET "/session/new" for 127.0.0.1 at 2019-01-31 14:47:37 -0800
Processing by SessionsController#new as HTML
  Rendering sessions/new.html.erb within layouts/application
  Rendered sessions/new.html.erb within layouts/application (0.5ms)
  [1m[36mUser Load (0.4ms)[0m  [1m[34mSELECT  "users".* FROM "users" WHERE "users"."session_token" IS NULL LIMIT $1[0m  [["LIMIT", 1]]
  ↳ app/controllers/application_controller.rb:19
Completed 200 OK in 20ms (Views: 17.0ms | ActiveRecord: 0.4ms)


Started DELETE "/session" for 127.0.0.1 at 2019-01-31 14:47:37 -0800
Processing by SessionsController#destroy as HTML
  Parameters: {"authenticity_token"=>"5byNZbEQw9J8vBXHki66vmPqAiqN6/5wp7ui3IUbcvs+kEx8JEqeuwFeu2KnwszIhoEobmGWa7hMxU5jBwVlCQ=="}
  [1m[36mUser Load (0.4ms)[0m  [1m[34mSELECT  "users".* FROM "users" WHERE "users"."session_token" IS NULL LIMIT $1[0m  [["LIMIT", 1]]
  ↳ app/controllers/application_controller.rb:19
Completed 500 Internal Server Error in 4ms (ActiveRecord: 0.4ms)



NoMethodError - undefined method `reset_session_token' for nil:NilClass:
  app/controllers/application_controller.rb:14:in `logout!'
  app/controllers/sessions_controller.rb:18:in `destroy'

Started POST "/__better_errors/2c93f04e4b988ea9/variables" for 127.0.0.1 at 2019-01-31 14:47:37 -0800
